빌드 시작: 2011-11-17 오후 8:33:17
     1>4 노드의 "C:\Users\Pimm\Documents\네이트온 받은 파일\synergy\synergy-1.3.1\synergy-1.3.1\cmd\launcher\launcher.vcxproj" 프로젝트(build 대상)입니다.
     1>InitializeBuildStatus:
         "AlwaysCreate"이(가) 지정되었기 때문에 ".\..\..\gen\debug\launcher.unsuccessfulbuild"을(를) 만들고 있습니다.
       ClCompile:
         C:\Program Files\Microsoft Visual Studio 10.0\VC\bin\CL.exe /c /I..\..\lib\common /I..\..\lib\arch /I..\..\lib\base /I..\..\lib\mt /I..\..\lib\io /I..\..\lib\net /I..\..\lib\synergy /I..\..\lib\platform /I..\..\lib\server /ZI /nologo /W4 /WX- /Od /Oy- /D WIN32 /D _DEBUG /D _WINDOWS /D _VC80_UPGRADE=0x0600 /D _MBCS /Gm /EHsc /RTC1 /MTd /GS /Gy- /fp:precise /Zc:wchar_t /Zc:forScope /GR /Fo".\..\..\gen\debug\\" /Fd"..\..\gen\debug\launcher.pdb" /Gd /TP /analyze- /errorReport:prompt CAddScreen.cpp CAdvancedOptions.cpp CAutoStart.cpp CGlobalOptions.cpp CHotkeyOptions.cpp CInfo.cpp CScreensLinks.cpp launcher.cpp LaunchUtil.cpp
         LaunchUtil.cpp
         launcher.cpp
         CScreensLinks.cpp
         CInfo.cpp
         CHotkeyOptions.cpp
         CGlobalOptions.cpp
     1>c:\users\pimm\documents\네이트온 받은 파일\synergy\synergy-1.3.1\synergy-1.3.1\cmd\launcher\cglobaloptions.cpp(63): warning C4996: 'sprintf': This function or variable may be unsafe. Consider using sprintf_s instead. To disable deprecation, use _CRT_SECURE_NO_WARNINGS. See online help for details.
                 c:\program files\microsoft visual studio 10.0\vc\include\stdio.h(371) : 'sprintf' 선언을 참조하십시오.
     1>c:\users\pimm\documents\네이트온 받은 파일\synergy\synergy-1.3.1\synergy-1.3.1\cmd\launcher\cglobaloptions.cpp(68): warning C4996: 'sprintf': This function or variable may be unsafe. Consider using sprintf_s instead. To disable deprecation, use _CRT_SECURE_NO_WARNINGS. See online help for details.
                 c:\program files\microsoft visual studio 10.0\vc\include\stdio.h(371) : 'sprintf' 선언을 참조하십시오.
     1>c:\users\pimm\documents\네이트온 받은 파일\synergy\synergy-1.3.1\synergy-1.3.1\cmd\launcher\cglobaloptions.cpp(73): warning C4996: 'sprintf': This function or variable may be unsafe. Consider using sprintf_s instead. To disable deprecation, use _CRT_SECURE_NO_WARNINGS. See online help for details.
                 c:\program files\microsoft visual studio 10.0\vc\include\stdio.h(371) : 'sprintf' 선언을 참조하십시오.
     1>c:\users\pimm\documents\네이트온 받은 파일\synergy\synergy-1.3.1\synergy-1.3.1\cmd\launcher\cglobaloptions.cpp(94): warning C4996: 'sprintf': This function or variable may be unsafe. Consider using sprintf_s instead. To disable deprecation, use _CRT_SECURE_NO_WARNINGS. See online help for details.
                 c:\program files\microsoft visual studio 10.0\vc\include\stdio.h(371) : 'sprintf' 선언을 참조하십시오.
     1>c:\users\pimm\documents\네이트온 받은 파일\synergy\synergy-1.3.1\synergy-1.3.1\cmd\launcher\cglobaloptions.cpp(103): warning C4996: 'sprintf': This function or variable may be unsafe. Consider using sprintf_s instead. To disable deprecation, use _CRT_SECURE_NO_WARNINGS. See online help for details.
                 c:\program files\microsoft visual studio 10.0\vc\include\stdio.h(371) : 'sprintf' 선언을 참조하십시오.
     1>c:\users\pimm\documents\네이트온 받은 파일\synergy\synergy-1.3.1\synergy-1.3.1\cmd\launcher\cglobaloptions.cpp(112): warning C4996: 'sprintf': This function or variable may be unsafe. Consider using sprintf_s instead. To disable deprecation, use _CRT_SECURE_NO_WARNINGS. See online help for details.
                 c:\program files\microsoft visual studio 10.0\vc\include\stdio.h(371) : 'sprintf' 선언을 참조하십시오.
         CAutoStart.cpp
         CAdvancedOptions.cpp
     1>c:\users\pimm\documents\네이트온 받은 파일\synergy\synergy-1.3.1\synergy-1.3.1\cmd\launcher\cadvancedoptions.cpp(91): warning C4996: 'sprintf': This function or variable may be unsafe. Consider using sprintf_s instead. To disable deprecation, use _CRT_SECURE_NO_WARNINGS. See online help for details.
                 c:\program files\microsoft visual studio 10.0\vc\include\stdio.h(371) : 'sprintf' 선언을 참조하십시오.
     1>c:\users\pimm\documents\네이트온 받은 파일\synergy\synergy-1.3.1\synergy-1.3.1\cmd\launcher\cadvancedoptions.cpp(139): warning C4996: 'sprintf': This function or variable may be unsafe. Consider using sprintf_s instead. To disable deprecation, use _CRT_SECURE_NO_WARNINGS. See online help for details.
                 c:\program files\microsoft visual studio 10.0\vc\include\stdio.h(371) : 'sprintf' 선언을 참조하십시오.
         CAddScreen.cpp
     1>c:\users\pimm\documents\네이트온 받은 파일\synergy\synergy-1.3.1\synergy-1.3.1\cmd\launcher\caddscreen.cpp(171): warning C4996: 'sprintf': This function or variable may be unsafe. Consider using sprintf_s instead. To disable deprecation, use _CRT_SECURE_NO_WARNINGS. See online help for details.
                 c:\program files\microsoft visual studio 10.0\vc\include\stdio.h(371) : 'sprintf' 선언을 참조하십시오.
         코드를 생성하고 있습니다...
       ResourceCompile:
         C:\Program Files\Microsoft SDKs\Windows\v7.0A\bin\rc.exe /D _DEBUG /D _VC80_UPGRADE=0x0600 /l"0x0409" /nologo /fo".\..\..\gen\debug\launcher.res" launcher.rc 
       ManifestResourceCompile:
         C:\Program Files\Microsoft SDKs\Windows\v7.0A\bin\rc.exe /nologo /fo".\..\..\gen\debug\launcher.exe.embed.manifest.res" .\..\..\gen\debug\launcher_manifest.rc 
     1>C:\Program Files\MSBuild\Microsoft.Cpp\v4.0\Microsoft.CppBuild.targets(990,5): warning MSB8012: TargetPath(C:\Users\Pimm\Documents\네이트온 받은 파일\synergy\synergy-1.3.1\synergy-1.3.1\cmd\launcher\.\..\..\debug\launcher.exe)이(가) Linker의 OutputFile 속성 값(C:\Users\Pimm\Documents\네이트온 받은 파일\synergy\synergy-1.3.1\synergy-1.3.1\debug\synergy.exe)과 일치하지 않습니다. 이로 인해 프로젝트가 잘못 빌드될 수 있습니다. 이를 수정하려면 $(OutDir), $(TargetName) 및 $(TargetExt) 속성 값이 %(Link.OutputFile)에 지정된 값과 일치해야 합니다.
     1>C:\Program Files\MSBuild\Microsoft.Cpp\v4.0\Microsoft.CppBuild.targets(992,5): warning MSB8012: TargetName(launcher)이(가) Linker의 OutputFile 속성 값(synergy)과 일치하지 않습니다. 이로 인해 프로젝트가 잘못 빌드될 수 있습니다. 이를 수정하려면 $(OutDir), $(TargetName) 및 $(TargetExt) 속성 값이 %(Link.OutputFile)에 지정된 값과 일치해야 합니다.
       Link:
         C:\Program Files\Microsoft Visual Studio 10.0\VC\bin\link.exe /ERRORREPORT:PROMPT /OUT:"..\..\debug\synergy.exe" /INCREMENTAL /NOLOGO odbc32.lib odbccp32.lib kernel32.lib user32.lib gdi32.lib winspool.lib comdlg32.lib advapi32.lib shell32.lib ole32.lib oleaut32.lib uuid.lib odbc32.lib odbccp32.lib /MANIFEST /ManifestFile:".\..\..\gen\debug\launcher.exe.intermediate.manifest" /MANIFESTUAC:"level='asInvoker' uiAccess='false'" /DEBUG /PDB:"C:\Users\Pimm\Documents\네이트온 받은 파일\synergy\synergy-1.3.1\synergy-1.3.1\debug\launcher.pdb" /SUBSYSTEM:WINDOWS /TLBID:1 /DYNAMICBASE /NXCOMPAT /IMPLIB:".\..\..\debug\launcher.lib" /MACHINE:X86 .\..\..\gen\debug\launcher.res
         .\..\..\gen\debug\launcher.exe.embed.manifest.res
         .\..\..\gen\debug\CAddScreen.obj
         .\..\..\gen\debug\CAdvancedOptions.obj
         .\..\..\gen\debug\CAutoStart.obj
         .\..\..\gen\debug\CGlobalOptions.obj
         .\..\..\gen\debug\CHotkeyOptions.obj
         .\..\..\gen\debug\CInfo.obj
         .\..\..\gen\debug\CScreensLinks.obj
         .\..\..\gen\debug\launcher.obj
         .\..\..\gen\debug\LaunchUtil.obj
     1>CAddScreen.obj : error LNK2019: "public: static bool __cdecl CStringUtil::CaselessCmp::equal(class std::basic_string<char,struct std::char_traits<char>,class std::allocator<char> > const &,class std::basic_string<char,struct std::char_traits<char>,class std::allocator<char> > const &)" (?equal@CaselessCmp@CStringUtil@@SA_NABV?$basic_string@DU?$char_traits@D@std@@V?$allocator@D@2@@std@@0@Z) 외부 기호(참조 위치: "private: void __thiscall CAddScreen::init(struct HWND__ *)" (?init@CAddScreen@@AAEXPAUHWND__@@@Z) 함수)에서 확인하지 못했습니다.
     1>launcher.obj : error LNK2001: "public: static bool __cdecl CStringUtil::CaselessCmp::equal(class std::basic_string<char,struct std::char_traits<char>,class std::allocator<char> > const &,class std::basic_string<char,struct std::char_traits<char>,class std::allocator<char> > const &)" (?equal@CaselessCmp@CStringUtil@@SA_NABV?$basic_string@DU?$char_traits@D@std@@V?$allocator@D@2@@std@@0@Z) 외부 기호를 확인할 수 없습니다.
     1>CAddScreen.obj : error LNK2019: "public: class std::_Tree_const_iterator<class std::_Tree_val<class std::_Tmap_traits<class std::basic_string<char,struct std::char_traits<char>,class std::allocator<char> >,class std::basic_string<char,struct std::char_traits<char>,class std::allocator<char> >,class CStringUtil::CaselessCmp,class std::allocator<struct std::pair<class std::basic_string<char,struct std::char_traits<char>,class std::allocator<char> > const ,class std::basic_string<char,struct std::char_traits<char>,class std::allocator<char> > > >,0> > > __thiscall CConfig::endAll(void)const " (?endAll@CConfig@@QBE?AV?$_Tree_const_iterator@V?$_Tree_val@V?$_Tmap_traits@V?$basic_string@DU?$char_traits@D@std@@V?$allocator@D@2@@std@@V12@VCaselessCmp@CStringUtil@@V?$allocator@U?$pair@$$CBV?$basic_string@DU?$char_traits@D@std@@V?$allocator@D@2@@std@@V12@@std@@@2@$0A@@std@@@std@@@std@@XZ) 외부 기호(참조 위치: "private: void __thiscall CAddScreen::init(struct HWND__ *)" (?init@CAddScreen@@AAEXPAUHWND__@@@Z) 함수)에서 확인하지 못했습니다.
     1>CAddScreen.obj : error LNK2019: "public: class std::_Tree_const_iterator<class std::_Tree_val<class std::_Tmap_traits<class std::basic_string<char,struct std::char_traits<char>,class std::allocator<char> >,class std::basic_string<char,struct std::char_traits<char>,class std::allocator<char> >,class CStringUtil::CaselessCmp,class std::allocator<struct std::pair<class std::basic_string<char,struct std::char_traits<char>,class std::allocator<char> > const ,class std::basic_string<char,struct std::char_traits<char>,class std::allocator<char> > > >,0> > > __thiscall CConfig::beginAll(void)const " (?beginAll@CConfig@@QBE?AV?$_Tree_const_iterator@V?$_Tree_val@V?$_Tmap_traits@V?$basic_string@DU?$char_traits@D@std@@V?$allocator@D@2@@std@@V12@VCaselessCmp@CStringUtil@@V?$allocator@U?$pair@$$CBV?$basic_string@DU?$char_traits@D@std@@V?$allocator@D@2@@std@@V12@@std@@@2@$0A@@std@@@std@@@std@@XZ) 외부 기호(참조 위치: "private: void __thiscall CAddScreen::init(struct HWND__ *)" (?init@CAddScreen@@AAEXPAUHWND__@@@Z) 함수)에서 확인하지 못했습니다.
     1>CInfo.obj : error LNK2001: "public: static class std::basic_string<char,struct std::char_traits<char>,class std::allocator<char> > __cdecl CStringUtil::format(char const *,...)" (?format@CStringUtil@@SA?AV?$basic_string@DU?$char_traits@D@std@@V?$allocator@D@2@@std@@PBDZZ) 외부 기호를 확인할 수 없습니다.
     1>CScreensLinks.obj : error LNK2001: "public: static class std::basic_string<char,struct std::char_traits<char>,class std::allocator<char> > __cdecl CStringUtil::format(char const *,...)" (?format@CStringUtil@@SA?AV?$basic_string@DU?$char_traits@D@std@@V?$allocator@D@2@@std@@PBDZZ) 외부 기호를 확인할 수 없습니다.
     1>launcher.obj : error LNK2001: "public: static class std::basic_string<char,struct std::char_traits<char>,class std::allocator<char> > __cdecl CStringUtil::format(char const *,...)" (?format@CStringUtil@@SA?AV?$basic_string@DU?$char_traits@D@std@@V?$allocator@D@2@@std@@PBDZZ) 외부 기호를 확인할 수 없습니다.
     1>CAddScreen.obj : error LNK2019: "public: static class std::basic_string<char,struct std::char_traits<char>,class std::allocator<char> > __cdecl CStringUtil::format(char const *,...)" (?format@CStringUtil@@SA?AV?$basic_string@DU?$char_traits@D@std@@V?$allocator@D@2@@std@@PBDZZ) 외부 기호(참조 위치: "private: void __thiscall CAddScreen::init(struct HWND__ *)" (?init@CAddScreen@@AAEXPAUHWND__@@@Z) 함수)에서 확인하지 못했습니다.
     1>CAdvancedOptions.obj : error LNK2001: "public: static class std::basic_string<char,struct std::char_traits<char>,class std::allocator<char> > __cdecl CStringUtil::format(char const *,...)" (?format@CStringUtil@@SA?AV?$basic_string@DU?$char_traits@D@std@@V?$allocator@D@2@@std@@PBDZZ) 외부 기호를 확인할 수 없습니다.
     1>CAutoStart.obj : error LNK2001: "public: static class std::basic_string<char,struct std::char_traits<char>,class std::allocator<char> > __cdecl CStringUtil::format(char const *,...)" (?format@CStringUtil@@SA?AV?$basic_string@DU?$char_traits@D@std@@V?$allocator@D@2@@std@@PBDZZ) 외부 기호를 확인할 수 없습니다.
     1>CGlobalOptions.obj : error LNK2001: "public: static class std::basic_string<char,struct std::char_traits<char>,class std::allocator<char> > __cdecl CStringUtil::format(char const *,...)" (?format@CStringUtil@@SA?AV?$basic_string@DU?$char_traits@D@std@@V?$allocator@D@2@@std@@PBDZZ) 외부 기호를 확인할 수 없습니다.
     1>CAddScreen.obj : error LNK2019: "public: bool __thiscall CConfig::addOption(class std::basic_string<char,struct std::char_traits<char>,class std::allocator<char> > const &,unsigned int,int)" (?addOption@CConfig@@QAE_NABV?$basic_string@DU?$char_traits@D@std@@V?$allocator@D@2@@std@@IH@Z) 외부 기호(참조 위치: "private: bool __thiscall CAddScreen::save(struct HWND__ *)" (?save@CAddScreen@@AAE_NPAUHWND__@@@Z)함수)에서 확인하지 못했습니다.
     1>CGlobalOptions.obj : error LNK2001: "public: bool __thiscall CConfig::addOption(class std::basic_string<char,struct std::char_traits<char>,class std::allocator<char> > const &,unsigned int,int)" (?addOption@CConfig@@QAE_NABV?$basic_string@DU?$char_traits@D@std@@V?$allocator@D@2@@std@@IH@Z) 외부 기호를 확인할 수 없습니다.
     1>CAddScreen.obj : error LNK2019: "public: bool __thiscall CConfig::addAlias(class std::basic_string<char,struct std::char_traits<char>,class std::allocator<char> > const &,class std::basic_string<char,struct std::char_traits<char>,class std::allocator<char> > const &)" (?addAlias@CConfig@@QAE_NABV?$basic_string@DU?$char_traits@D@std@@V?$allocator@D@2@@std@@0@Z) 외부 기호(참조 위치: "private: bool __thiscall CAddScreen::save(struct HWND__ *)" (?save@CAddScreen@@AAE_NPAUHWND__@@@Z) 함수)에서 확인하지 못했습니다.
     1>CAddScreen.obj : error LNK2019: "public: bool __thiscall CConfig::renameScreen(class std::basic_string<char,struct std::char_traits<char>,class std::allocator<char> > const &,class std::basic_string<char,struct std::char_traits<char>,class std::allocator<char> > const &)" (?renameScreen@CConfig@@QAE_NABV?$basic_string@DU?$char_traits@D@std@@V?$allocator@D@2@@std@@0@Z) 외부 기호(참조 위치: "private: bool __thiscall CAddScreen::save(struct HWND__ *)" (?save@CAddScreen@@AAE_NPAUHWND__@@@Z) 함수)에서 확인하지 못했습니다.
     1>CAddScreen.obj : error LNK2019: "public: bool __thiscall CConfig::removeOptions(class std::basic_string<char,struct std::char_traits<char>,class std::allocator<char> > const &)" (?removeOptions@CConfig@@QAE_NABV?$basic_string@DU?$char_traits@D@std@@V?$allocator@D@2@@std@@@Z) 외부 기호(참조 위치: "private: bool __thiscall CAddScreen::save(struct HWND__ *)" (?save@CAddScreen@@AAE_NPAUHWND__@@@Z) 함수)에서 확인하지못했습니다.
     1>CAddScreen.obj : error LNK2019: "public: bool __thiscall CConfig::removeAliases(class std::basic_string<char,struct std::char_traits<char>,class std::allocator<char> > const &)" (?removeAliases@CConfig@@QAE_NABV?$basic_string@DU?$char_traits@D@std@@V?$allocator@D@2@@std@@@Z) 외부 기호(참조 위치: "private: bool __thiscall CAddScreen::save(struct HWND__ *)" (?save@CAddScreen@@AAE_NPAUHWND__@@@Z) 함수)에서 확인하지못했습니다.
     1>CAddScreen.obj : error LNK2019: "public: bool __thiscall CConfig::addScreen(class std::basic_string<char,struct std::char_traits<char>,class std::allocator<char> > const &)" (?addScreen@CConfig@@QAE_NABV?$basic_string@DU?$char_traits@D@std@@V?$allocator@D@2@@std@@@Z) 외부 기호(참조 위치: "private: bool __thiscall CAddScreen::save(struct HWND__ *)" (?save@CAddScreen@@AAE_NPAUHWND__@@@Z) 함수)에서 확인하지 못했습니다.
     1>CAddScreen.obj : error LNK2019: "public: bool __thiscall CConfig::isScreen(class std::basic_string<char,struct std::char_traits<char>,class std::allocator<char> > const &)const " (?isScreen@CConfig@@QBE_NABV?$basic_string@DU?$char_traits@D@std@@V?$allocator@D@2@@std@@@Z) 외부 기호(참조 위치: "private: bool __thiscall CAddScreen::save(struct HWND__ *)" (?save@CAddScreen@@AAE_NPAUHWND__@@@Z) 함수)에서 확인하지 못했습니다.
     1>CAdvancedOptions.obj : error LNK2001: "public: bool __thiscall CConfig::isScreen(class std::basic_string<char,struct std::char_traits<char>,class std::allocator<char> > const &)const " (?isScreen@CConfig@@QBE_NABV?$basic_string@DU?$char_traits@D@std@@V?$allocator@D@2@@std@@@Z) 외부 기호를 확인할 수 없습니다.
     1>CAddScreen.obj : error LNK2019: "public: bool __thiscall CConfig::isValidScreenName(class std::basic_string<char,struct std::char_traits<char>,class std::allocator<char> > const &)const " (?isValidScreenName@CConfig@@QBE_NABV?$basic_string@DU?$char_traits@D@std@@V?$allocator@D@2@@std@@@Z) 외부 기호(참조 위치: "private: bool __thiscall CAddScreen::save(struct HWND__ *)" (?save@CAddScreen@@AAE_NPAUHWND__@@@Z) 함수)에서 확인하지 못했습니다.
     1>CAdvancedOptions.obj : error LNK2001: "public: bool __thiscall CConfig::isValidScreenName(class std::basic_string<char,struct std::char_traits<char>,class std::allocator<char> > const &)const " (?isValidScreenName@CConfig@@QBE_NABV?$basic_string@DU?$char_traits@D@std@@V?$allocator@D@2@@std@@@Z) 외부 기호를 확인할 수 없습니다.
     1>launcher.obj : error LNK2001: "public: bool __thiscall CConfig::isValidScreenName(class std::basic_string<char,struct std::char_traits<char>,class std::allocator<char> > const &)const " (?isValidScreenName@CConfig@@QBE_NABV?$basic_string@DU?$char_traits@D@std@@V?$allocator@D@2@@std@@@Z) 외부 기호를 확인할 수 없습니다.
     1>CAddScreen.obj : error LNK2019: "public: class std::map<unsigned int,int,struct std::less<unsigned int>,class std::allocator<struct std::pair<unsigned int const ,int> > > const * __thiscall CConfig::getOptions(class std::basic_string<char,struct std::char_traits<char>,class std::allocator<char> > const &)const " (?getOptions@CConfig@@QBEPBV?$map@IHU?$less@I@std@@V?$allocator@U?$pair@$$CBIH@std@@@2@@std@@ABV?$basic_string@DU?$char_traits@D@std@@V?$allocator@D@2@@3@@Z) 외부 기호(참조 위치: "private: void __thiscall CAddScreen::getOptions(class std::map<unsigned int,int,struct std::less<unsigned int>,class std::allocator<struct std::pair<unsigned int const ,int> > > &)const " (?getOptions@CAddScreen@@ABEXAAV?$map@IHU?$less@I@std@@V?$allocator@U?$pair@$$CBIH@std@@@2@@std@@@Z) 함수)에서 확인하지 못했습니다.
     1>CGlobalOptions.obj : error LNK2001: "public: class std::map<unsigned int,int,struct std::less<unsigned int>,class std::allocator<struct std::pair<unsigned int const ,int> > > const * __thiscall CConfig::getOptions(class std::basic_string<char,struct std::char_traits<char>,class std::allocator<char> > const &)const " (?getOptions@CConfig@@QBEPBV?$map@IHU?$less@I@std@@V?$allocator@U?$pair@$$CBIH@std@@@2@@std@@ABV?$basic_string@DU?$char_traits@D@std@@V?$allocator@D@2@@3@@Z) 외부 기호를 확인할 수 없습니다.
     1>LaunchUtil.obj : error LNK2001: "public: static class CArch * __cdecl CArch::getInstance(void)" (?getInstance@CArch@@SAPAV1@XZ) 외부 기호를 확인할 수 없습니다.
     1>CAdvancedOptions.obj : error LNK2019: "public: static class CArch * __cdecl CArch::getInstance(void)" (?getInstance@CArch@@SAPAV1@XZ) 외부 기호(참조 위치: "public: __thiscall CAdvancedOptions::CAdvancedOptions(struct HWND__ *,class CConfig *)" (??0CAdvancedOptions@@QAE@PAUHWND__@@PAVCConfig@@@Z) 함수)에서 확인하지 못했습니다.
     1>CAutoStart.obj : error LNK2001: "public: static class CArch * __cdecl CArch::getInstance(void)" (?getInstance@CArch@@SAPAV1@XZ) 외부 기호를 확인할 수 없습니다.
     1>CInfo.obj : error LNK2001: "public: static class CArch * __cdecl CArch::getInstance(void)" (?getInstance@CArch@@SAPAV1@XZ) 외부 기호를 확인할 수 없습니다.
     1>launcher.obj : error LNK2001: "public: static class CArch * __cdecl CArch::getInstance(void)" (?getInstance@CArch@@SAPAV1@XZ) 외부 기호를 확인할 수 없습니다.
     1>CAdvancedOptions.obj : error LNK2019: "public: static void __cdecl CArchMiscWindows::closeKey(struct HKEY__ *)" (?closeKey@CArchMiscWindows@@SAXPAUHKEY__@@@Z) 외부 기호(참조 위치: "private: void __thiscall CAdvancedOptions::init(void)" (?init@CAdvancedOptions@@AAEXXZ) 함수)에서 확인하지 못했습니다.
     1>launcher.obj : error LNK2001: "public: static void __cdecl CArchMiscWindows::closeKey(struct HKEY__ *)" (?closeKey@CArchMiscWindows@@SAXPAUHKEY__@@@Z) 외부 기호를 확인할 수 없습니다.
     1>CAdvancedOptions.obj : error LNK2019: "public: static class std::basic_string<char,struct std::char_traits<char>,class std::allocator<char> > __cdecl CArchMiscWindows::readValueString(struct HKEY__ *,char const *)" (?readValueString@CArchMiscWindows@@SA?AV?$basic_string@DU?$char_traits@D@std@@V?$allocator@D@2@@std@@PAUHKEY__@@PBD@Z) 외부 기호(참조 위치: "private: void __thiscall CAdvancedOptions::init(void)" (?init@CAdvancedOptions@@AAEXXZ) 함수)에서 확인하지 못했습니다.
     1>launcher.obj : error LNK2001: "public: static class std::basic_string<char,struct std::char_traits<char>,class std::allocator<char> > __cdecl CArchMiscWindows::readValueString(struct HKEY__ *,char const *)" (?readValueString@CArchMiscWindows@@SA?AV?$basic_string@DU?$char_traits@D@std@@V?$allocator@D@2@@std@@PAUHKEY__@@PBD@Z) 외부 기호를 확인할 수 없습니다.
     1>CAdvancedOptions.obj : error LNK2019: "public: static unsigned long __cdecl CArchMiscWindows::readValueInt(struct HKEY__ *,char const *)" (?readValueInt@CArchMiscWindows@@SAKPAUHKEY__@@PBD@Z) 외부 기호(참조 위치: "private: void __thiscall CAdvancedOptions::init(void)" (?init@CAdvancedOptions@@AAEXXZ) 함수)에서 확인하지 못했습니다.
     1>launcher.obj : error LNK2001: "public: static unsigned long __cdecl CArchMiscWindows::readValueInt(struct HKEY__ *,char const *)" (?readValueInt@CArchMiscWindows@@SAKPAUHKEY__@@PBD@Z) 외부 기호를 확인할 수 없습니다.
     1>CAdvancedOptions.obj : error LNK2019: "public: static struct HKEY__ * __cdecl CArchMiscWindows::openKey(struct HKEY__ *,char const * const *)" (?openKey@CArchMiscWindows@@SAPAUHKEY__@@PAU2@PBQBD@Z) 외부 기호(참조 위치: "private: void __thiscall CAdvancedOptions::init(void)" (?init@CAdvancedOptions@@AAEXXZ) 함수)에서 확인하지 못했습니다.
     1>launcher.obj : error LNK2001: "public: static struct HKEY__ * __cdecl CArchMiscWindows::openKey(struct HKEY__ *,char const * const *)" (?openKey@CArchMiscWindows@@SAPAUHKEY__@@PAU2@PBQBD@Z) 외부 기호를 확인할 수 없습니다.
     1>CAdvancedOptions.obj : error LNK2019: "public: static void __cdecl CArchMiscWindows::setValue(struct HKEY__ *,char const *,class std::basic_string<char,struct std::char_traits<char>,class std::allocator<char> > const &)" (?setValue@CArchMiscWindows@@SAXPAUHKEY__@@PBDABV?$basic_string@DU?$char_traits@D@std@@V?$allocator@D@2@@std@@@Z) 외부 기호(참조 위치: __catch$?save@CAdvancedOptions@@AAE_NPAUHWND__@@@Z$0 함수)에서 확인하지 못했습니다.
     1>launcher.obj : error LNK2001: "public: static void __cdecl CArchMiscWindows::setValue(struct HKEY__ *,char const *,class std::basic_string<char,struct std::char_traits<char>,class std::allocator<char> > const &)" (?setValue@CArchMiscWindows@@SAXPAUHKEY__@@PBDABV?$basic_string@DU?$char_traits@D@std@@V?$allocator@D@2@@std@@@Z) 외부 기호를 확인할 수 없습니다.
     1>CAdvancedOptions.obj : error LNK2019: "public: static void __cdecl CArchMiscWindows::setValue(struct HKEY__ *,char const *,unsigned long)" (?setValue@CArchMiscWindows@@SAXPAUHKEY__@@PBDK@Z) 외부 기호(참조 위치: __catch$?save@CAdvancedOptions@@AAE_NPAUHWND__@@@Z$0 함수)에서 확인하지 못했습니다.
     1>launcher.obj : error LNK2001: "public: static void __cdecl CArchMiscWindows::setValue(struct HKEY__ *,char const *,unsigned long)" (?setValue@CArchMiscWindows@@SAXPAUHKEY__@@PBDK@Z) 외부 기호를 확인할 수 없습니다.
     1>CAdvancedOptions.obj : error LNK2019: "public: static struct HKEY__ * __cdecl CArchMiscWindows::addKey(struct HKEY__ *,char const * const *)" (?addKey@CArchMiscWindows@@SAPAUHKEY__@@PAU2@PBQBD@Z) 외부 기호(참조 위치: __catch$?save@CAdvancedOptions@@AAE_NPAUHWND__@@@Z$0 함수)에서 확인하지 못했습니다.
     1>launcher.obj : error LNK2001: "public: static struct HKEY__ * __cdecl CArchMiscWindows::addKey(struct HKEY__ *,char const * const *)" (?addKey@CArchMiscWindows@@SAPAUHKEY__@@PAU2@PBQBD@Z) 외부 기호를 확인할 수 없습니다.
     1>CAdvancedOptions.obj : error LNK2019: "public: static class std::basic_string<char,struct std::char_traits<char>,class std::allocator<char> > __cdecl CStringUtil::print(char const *,...)" (?print@CStringUtil@@SA?AV?$basic_string@DU?$char_traits@D@std@@V?$allocator@D@2@@std@@PBDZZ) 외부 기호(참조 위치: __catch$?save@CAdvancedOptions@@AAE_NPAUHWND__@@@Z$0 함수)에서 확인하지 못했습니다.
     1>CScreensLinks.obj : error LNK2001: "public: static class std::basic_string<char,struct std::char_traits<char>,class std::allocator<char> > __cdecl CStringUtil::print(char const *,...)" (?print@CStringUtil@@SA?AV?$basic_string@DU?$char_traits@D@std@@V?$allocator@D@2@@std@@PBDZZ) 외부 기호를 확인할 수 없습니다.
     1>CAdvancedOptions.obj : error LNK2019: "public: class std::basic_string<char,struct std::char_traits<char>,class std::allocator<char> > __thiscall XArch::what(void)const " (?what@XArch@@QBE?AV?$basic_string@DU?$char_traits@D@std@@V?$allocator@D@2@@std@@XZ) 외부 기호(참조 위치: __catch$?save@CAdvancedOptions@@AAE_NPAUHWND__@@@Z$0 함수)에서 확인하지 못했습니다.
     1>CAutoStart.obj : error LNK2001: "public: class std::basic_string<char,struct std::char_traits<char>,class std::allocator<char> > __thiscall XArch::what(void)const " (?what@XArch@@QBE?AV?$basic_string@DU?$char_traits@D@std@@V?$allocator@D@2@@std@@XZ) 외부 기호를 확인할 수 없습니다.
     1>launcher.obj : error LNK2001: "public: class std::basic_string<char,struct std::char_traits<char>,class std::allocator<char> > __thiscall XArch::what(void)const " (?what@XArch@@QBE?AV?$basic_string@DU?$char_traits@D@std@@V?$allocator@D@2@@std@@XZ) 외부 기호를 확인할 수 없습니다.
     1>CAutoStart.obj : error LNK2019: "public: void __thiscall CLog::pop_front(bool)" (?pop_front@CLog@@QAEX_N@Z) 외부 기호(참조 위치: "public: void __thiscall CAutoStart::doModal(void)" (?doModal@CAutoStart@@QAEXXZ) 함수)에서 확인하지 못했습니다.
     1>CAutoStart.obj : error LNK2019: "public: void __thiscall CLog::insert(class ILogOutputter *,bool)" (?insert@CLog@@QAEXPAVILogOutputter@@_N@Z) 외부 기호(참조 위치: "public: void __thiscall CAutoStart::doModal(void)" (?doModal@CAutoStart@@QAEXXZ) 함수)에서 확인하지 못했습니다.
     1>CAutoStart.obj : error LNK2019: "public: static class CLog * __cdecl CLog::getInstance(void)" (?getInstance@CLog@@SAPAV1@XZ) 외부 기호(참조 위치: "public: void __thiscall CAutoStart::doModal(void)" (?doModal@CAutoStart@@QAEXXZ) 함수)에서 확인하지 못했습니다.
     1>launcher.obj : error LNK2001: "public: static class CLog * __cdecl CLog::getInstance(void)" (?getInstance@CLog@@SAPAV1@XZ) 외부 기호를 확인할 수 없습니다.
     1>CGlobalOptions.obj : error LNK2019: "public: bool __thiscall CConfig::removeOption(class std::basic_string<char,struct std::char_traits<char>,class std::allocator<char> > const &,unsigned int)" (?removeOption@CConfig@@QAE_NABV?$basic_string@DU?$char_traits@D@std@@V?$allocator@D@2@@std@@I@Z) 외부 기호(참조 위치: "private: bool __thiscall CGlobalOptions::save(struct HWND__ *)" (?save@CGlobalOptions@@AAE_NPAUHWND__@@@Z) 함수)에서 확인하지 못했습니다.
     1>CHotkeyOptions.obj : error LNK2019: "public: __thiscall CInputFilter::CRule::CRule(void)" (??0CRule@CInputFilter@@QAE@XZ) 외부 기호(참조 위치: "public: __thiscall CHotkeyOptions::CHotkeyOptions(struct HWND__ *,class CConfig *)" (??0CHotkeyOptions@@QAE@PAUHWND__@@PAVCConfig@@@Z) 함수)에서 확인하지 못했습니다.
     1>CHotkeyOptions.obj : error LNK2019: "public: __thiscall CInputFilter::CRule::~CRule(void)" (??1CRule@CInputFilter@@QAE@XZ) 외부 기호(참조 위치: "public: __thiscall CHotkeyOptions::~CHotkeyOptions(void)" (??1CHotkeyOptions@@QAE@XZ) 함수)에서 확인하지 못했습니다.
     1>CHotkeyOptions.obj : error LNK2019: "public: class CInputFilter * __thiscall CConfig::getInputFilter(void)" (?getInputFilter@CConfig@@QAEPAVCInputFilter@@XZ) 외부 기호(참조 위치: "public: void __thiscall CHotkeyOptions::doModal(void)" (?doModal@CHotkeyOptions@@QAEXXZ) 함수)에서 확인하지 못했습니다.
     1>CHotkeyOptions.obj : error LNK2019: "public: class CInputFilter::CCondition const * __thiscall CInputFilter::CRule::getCondition(void)const " (?getCondition@CRule@CInputFilter@@QBEPBVCCondition@2@XZ) 외부 기호(참조 위치: "private: void __thiscall CHotkeyOptions::fillHotkeys(struct HWND__ *,unsigned int)" (?fillHotkeys@CHotkeyOptions@@AAEXPAUHWND__@@I@Z) 함수)에서 확인하지 못했습니다.
     1>CHotkeyOptions.obj : error LNK2019: "public: class CInputFilter::CRule & __thiscall CInputFilter::getRule(unsigned int)" (?getRule@CInputFilter@@QAEAAVCRule@1@I@Z) 외부 기호(참조 위치: "private: void __thiscall CHotkeyOptions::fillHotkeys(struct HWND__ *,unsigned int)" (?fillHotkeys@CHotkeyOptions@@AAEXPAUHWND__@@I@Z) 함수)에서 확인하지 못했습니다.
     1>CHotkeyOptions.obj : error LNK2019: "public: unsigned int __thiscall CInputFilter::getNumRules(void)const " (?getNumRules@CInputFilter@@QBEIXZ) 외부 기호(참조 위치: "private: void __thiscall CHotkeyOptions::fillHotkeys(struct HWND__ *,unsigned int)" (?fillHotkeys@CHotkeyOptions@@AAEXPAUHWND__@@I@Z) 함수)에서 확인하지 못했습니다.
     1>CHotkeyOptions.obj : error LNK2019: "public: void __thiscall CInputFilter::addFilterRule(class CInputFilter::CRule const &)" (?addFilterRule@CInputFilter@@QAEXABVCRule@1@@Z) 외부 기호(참조 위치: "private: void __thiscall CHotkeyOptions::addHotkey(struct HWND__ *)" (?addHotkey@CHotkeyOptions@@AAEXPAUHWND__@@@Z) 함수)에서 확인하지 못했습니다.
     1>CHotkeyOptions.obj : error LNK2019: "public: __thiscall CInputFilter::CRule::CRule(class CInputFilter::CCondition *)" (??0CRule@CInputFilter@@QAE@PAVCCondition@1@@Z) 외부 기호(참조 위치: "private: void __thiscall CHotkeyOptions::addHotkey(struct HWND__ *)" (?addHotkey@CHotkeyOptions@@AAEXPAUHWND__@@@Z) 함수)에서 확인하지 못했습니다.
     1>CHotkeyOptions.obj : error LNK2019: "public: void __thiscall CInputFilter::removeFilterRule(unsigned int)" (?removeFilterRule@CInputFilter@@QAEXI@Z) 외부 기호(참조 위치: "private: void __thiscall CHotkeyOptions::removeHotkey(struct HWND__ *)" (?removeHotkey@CHotkeyOptions@@AAEXPAUHWND__@@@Z) 함수)에서 확인하지 못했습니다.
     1>CHotkeyOptions.obj : error LNK2019: "public: void __thiscall CInputFilter::CRule::setCondition(class CInputFilter::CCondition *)" (?setCondition@CRule@CInputFilter@@QAEXPAVCCondition@2@@Z) 외부 기호(참조 위치: "private: void __thiscall CHotkeyOptions::editHotkey(struct HWND__ *)" (?editHotkey@CHotkeyOptions@@AAEXPAUHWND__@@@Z) 함수)에서 확인하지 못했습니다.
     1>CHotkeyOptions.obj : error LNK2019: "public: class CInputFilter::CAction const & __thiscall CInputFilter::CRule::getAction(bool,unsigned int)const " (?getAction@CRule@CInputFilter@@QBEABVCAction@2@_NI@Z) 외부 기호(참조 위치: "private: void __thiscall CHotkeyOptions::fillActions(struct HWND__ *,unsigned int)" (?fillActions@CHotkeyOptions@@AAEXPAUHWND__@@I@Z) 함수)에서 확인하지 못했습니다.
     1>CHotkeyOptions.obj : error LNK2019: "public: unsigned int __thiscall CInputFilter::CRule::getNumActions(bool)const " (?getNumActions@CRule@CInputFilter@@QBEI_N@Z) 외부 기호(참조 위치: "private: void __thiscall CHotkeyOptions::fillActions(struct HWND__ *,unsigned int)" (?fillActions@CHotkeyOptions@@AAEXPAUHWND__@@I@Z) 함수)에서 확인하지 못했습니다.
     1>CHotkeyOptions.obj : error LNK2019: "public: void __thiscall CInputFilter::CRule::adoptAction(class CInputFilter::CAction *,bool)" (?adoptAction@CRule@CInputFilter@@QAEXPAVCAction@2@_N@Z) 외부 기호(참조 위치: "private: void __thiscall CHotkeyOptions::addAction(struct HWND__ *)" (?addAction@CHotkeyOptions@@AAEXPAUHWND__@@@Z) 함수)에서 확인하지 못했습니다.
     1>CHotkeyOptions.obj : error LNK2019: "public: void __thiscall CInputFilter::CRule::removeAction(bool,unsigned int)" (?removeAction@CRule@CInputFilter@@QAEX_NI@Z) 외부 기호(참조 위치: "private: void __thiscall CHotkeyOptions::removeAction(struct HWND__ *)" (?removeAction@CHotkeyOptions@@AAEXPAUHWND__@@@Z) 함수)에서 확인하지 못했습니다.
     1>CHotkeyOptions.obj : error LNK2019: "public: void __thiscall CInputFilter::CRule::replaceAction(class CInputFilter::CAction *,bool,unsigned int)" (?replaceAction@CRule@CInputFilter@@QAEXPAVCAction@2@_NI@Z) 외부 기호(참조 위치: "private: void __thiscall CHotkeyOptions::editAction(struct HWND__ *)" (?editAction@CHotkeyOptions@@AAEXPAUHWND__@@@Z) 함수)에서 확인하지 못했습니다.
     1>CHotkeyOptions.obj : error LNK2019: "public: static class IPrimaryScreen::CButtonInfo * __cdecl IPrimaryScreen::CButtonInfo::alloc(class IPrimaryScreen::CButtonInfo const &)" (?alloc@CButtonInfo@IPrimaryScreen@@SAPAV12@ABV12@@Z) 외부 기호(참조 위치: "private: void __thiscall CHotkeyOptions::openRule(struct HWND__ *)" (?openRule@CHotkeyOptions@@AAEXPAUHWND__@@@Z) 함수)에서 확인하지 못했습니다.
     1>CHotkeyOptions.obj : error LNK2019: "public: class IPrimaryScreen::CButtonInfo const * __thiscall CInputFilter::CMouseButtonAction::getInfo(void)const " (?getInfo@CMouseButtonAction@CInputFilter@@QBEPBVCButtonInfo@IPrimaryScreen@@XZ) 외부 기호(참조 위치: "private: void __thiscall CHotkeyOptions::openRule(struct HWND__ *)" (?openRule@CHotkeyOptions@@AAEXPAUHWND__@@@Z) 함수)에서 확인하지 못했습니다.
     1>CHotkeyOptions.obj : error LNK2019: "public: static class IKeyState::CKeyInfo * __cdecl IKeyState::CKeyInfo::alloc(class IKeyState::CKeyInfo const &)" (?alloc@CKeyInfo@IKeyState@@SAPAV12@ABV12@@Z) 외부 기호(참조 위치: "private: void __thiscall CHotkeyOptions::openRule(struct HWND__ *)" (?openRule@CHotkeyOptions@@AAEXPAUHWND__@@@Z) 함수)에서 확인하지 못했습니다.
     1>CHotkeyOptions.obj : error LNK2019: "public: class IKeyState::CKeyInfo const * __thiscall CInputFilter::CKeystrokeAction::getInfo(void)const " (?getInfo@CKeystrokeAction@CInputFilter@@QBEPBVCKeyInfo@IKeyState@@XZ) 외부 기호(참조 위치: "private: void __thiscall CHotkeyOptions::openRule(struct HWND__ *)" (?openRule@CHotkeyOptions@@AAEXPAUHWND__@@@Z) 함수)에서 확인하지 못했습니다.
     1>CHotkeyOptions.obj : error LNK2019: "public: class CInputFilter::CRule & __thiscall CInputFilter::CRule::operator=(class CInputFilter::CRule const &)" (??4CRule@CInputFilter@@QAEAAV01@ABV01@@Z) 외부 기호(참조 위치: "private: void __thiscall CHotkeyOptions::openRule(struct HWND__ *)" (?openRule@CHotkeyOptions@@AAEXPAUHWND__@@@Z) 함수)에서 확인하지 못했습니다.
     1>CHotkeyOptions.obj : error LNK2019: "public: __thiscall CInputFilter::CKeystrokeAction::CKeystrokeAction(class IKeyState::CKeyInfo *,bool)" (??0CKeystrokeAction@CInputFilter@@QAE@PAVCKeyInfo@IKeyState@@_N@Z) 외부 기호(참조 위치: "private: void __thiscall CHotkeyOptions::closeRule(struct HWND__ *)" (?closeRule@CHotkeyOptions@@AAEXPAUHWND__@@@Z) 함수)에서 확인하지 못했습니다.
     1>CHotkeyOptions.obj : error LNK2001: "public: virtual class std::basic_string<char,struct std::char_traits<char>,class std::allocator<char> > __thiscall CInputFilter::CKeystrokeAction::format(void)const " (?format@CKeystrokeAction@CInputFilter@@UBE?AV?$basic_string@DU?$char_traits@D@std@@V?$allocator@D@2@@std@@XZ) 외부 기호를 확인할 수 없습니다.
     1>CHotkeyOptions.obj : error LNK2001: "public: virtual void __thiscall CInputFilter::CKeystrokeAction::perform(class CEvent const &)" (?perform@CKeystrokeAction@CInputFilter@@UAEXABVCEvent@@@Z) 외부 기호를 확인할 수 없습니다.
     1>CHotkeyOptions.obj : error LNK2019: "public: __thiscall CInputFilter::CMouseButtonAction::CMouseButtonAction(class IPrimaryScreen::CButtonInfo *,bool)" (??0CMouseButtonAction@CInputFilter@@QAE@PAVCButtonInfo@IPrimaryScreen@@_N@Z) 외부 기호(참조 위치: "private: void __thiscall CHotkeyOptions::closeRule(struct HWND__ *)" (?closeRule@CHotkeyOptions@@AAEXPAUHWND__@@@Z) 함수)에서 확인하지 못했습니다.
     1>CHotkeyOptions.obj : error LNK2001: "public: virtual class std::basic_string<char,struct std::char_traits<char>,class std::allocator<char> > __thiscall CInputFilter::CMouseButtonAction::format(void)const " (?format@CMouseButtonAction@CInputFilter@@UBE?AV?$basic_string@DU?$char_traits@D@std@@V?$allocator@D@2@@std@@XZ) 외부 기호를 확인할 수 없습니다.
     1>CHotkeyOptions.obj : error LNK2001: "public: virtual void __thiscall CInputFilter::CMouseButtonAction::perform(class CEvent const &)" (?perform@CMouseButtonAction@CInputFilter@@UAEXABVCEvent@@@Z) 외부 기호를 확인할 수 없습니다.
     1>CHotkeyOptions.obj : error LNK2019: "public: virtual __thiscall CInputFilter::CKeystrokeAction::~CKeystrokeAction(void)" (??1CKeystrokeAction@CInputFilter@@UAE@XZ) 외부 기호(참조 위치: "public: virtual __thiscall CHotkeyOptions::CKeystrokeDownUpAction::~CKeystrokeDownUpAction(void)" (??1CKeystrokeDownUpAction@CHotkeyOptions@@UAE@XZ) 함수)에서 확인하지 못했습니다.
     1>CHotkeyOptions.obj : error LNK2019: "public: virtual __thiscall CInputFilter::CMouseButtonAction::~CMouseButtonAction(void)" (??1CMouseButtonAction@CInputFilter@@UAE@XZ) 외부 기호(참조 위치: "public: virtual __thiscall CHotkeyOptions::CMouseButtonDownUpAction::~CMouseButtonDownUpAction(void)" (??1CMouseButtonDownUpAction@CHotkeyOptions@@UAE@XZ) 함수)에서 확인하지 못했습니다.
     1>CHotkeyOptions.obj : error LNK2019: "public: static bool __cdecl IKeyState::CKeyInfo::equal(class IKeyState::CKeyInfo const *,class IKeyState::CKeyInfo const *)" (?equal@CKeyInfo@IKeyState@@SA_NPBV12@0@Z) 외부 기호(참조 위치: "private: unsigned int __thiscall CHotkeyOptions::findMatchingAction(class CInputFilter::CKeystrokeAction const *)const " (?findMatchingAction@CHotkeyOptions@@ABEIPBVCKeystrokeAction@CInputFilter@@@Z) 함수)에서 확인하지 못했습니다.
     1>CHotkeyOptions.obj : error LNK2019: "public: static bool __cdecl IPrimaryScreen::CButtonInfo::equal(class IPrimaryScreen::CButtonInfo const *,class IPrimaryScreen::CButtonInfo const *)" (?equal@CButtonInfo@IPrimaryScreen@@SA_NPBV12@0@Z) 외부 기호(참조 위치: "private: unsigned int __thiscall CHotkeyOptions::findMatchingAction(class CInputFilter::CMouseButtonAction const *)const " (?findMatchingAction@CHotkeyOptions@@ABEIPBVCMouseButtonAction@CInputFilter@@@Z) 함수)에서 확인하지 못했습니다.
     1>CHotkeyOptions.obj : error LNK2019: "public: __thiscall CInputFilter::CMouseButtonCondition::CMouseButtonCondition(unsigned char,unsigned int)" (??0CMouseButtonCondition@CInputFilter@@QAE@EI@Z) 외부 기호(참조 위치: "private: static void __cdecl CHotkeyOptions::CConditionDialog::onButton(struct HWND__ *,unsigned char)" (?onButton@CConditionDialog@CHotkeyOptions@@CAXPAUHWND__@@E@Z) 함수)에서 확인하지 못했습니다.
     1>CHotkeyOptions.obj : error LNK2019: "public: __thiscall CInputFilter::CKeystrokeCondition::CKeystrokeCondition(unsigned int,unsigned int)" (??0CKeystrokeCondition@CInputFilter@@QAE@II@Z) 외부 기호(참조 위치: "private: static void __cdecl CHotkeyOptions::CConditionDialog::onKey(struct HWND__ *,unsigned int,long)" (?onKey@CConditionDialog@CHotkeyOptions@@CAXPAUHWND__@@IJ@Z) 함수)에서 확인하지 못했습니다.
     1>CHotkeyOptions.obj : error LNK2019: "public: static unsigned int __cdecl CMSWindowsKeyState::getKeyID(unsigned int,unsigned short)" (?getKeyID@CMSWindowsKeyState@@SAIIG@Z) 외부 기호(참조 위치: "private: static void __cdecl CHotkeyOptions::CConditionDialog::onKey(struct HWND__ *,unsigned int,long)" (?onKey@CConditionDialog@CHotkeyOptions@@CAXPAUHWND__@@IJ@Z) 함수)에서 확인하지 못했습니다.
     1>CHotkeyOptions.obj : error LNK2019: "public: static bool __cdecl CArchMiscWindows::isWindows95Family(void)" (?isWindows95Family@CArchMiscWindows@@SA_NXZ) 외부 기호(참조 위치: "private: static unsigned int __cdecl CHotkeyOptions::CConditionDialog::getChar(unsigned int,long)" (?getChar@CConditionDialog@CHotkeyOptions@@CAIIJ@Z) 함수)에서 확인하지 못했습니다.
     1>launcher.obj : error LNK2001: "public: static bool __cdecl CArchMiscWindows::isWindows95Family(void)" (?isWindows95Family@CArchMiscWindows@@SA_NXZ) 외부 기호를 확인할 수 없습니다.
     1>CHotkeyOptions.obj : error LNK2019: "public: unsigned int __thiscall CInputFilter::CKeystrokeCondition::getKey(void)const " (?getKey@CKeystrokeCondition@CInputFilter@@QBEIXZ) 외부 기호(참조 위치: "private: static bool __cdecl CHotkeyOptions::CConditionDialog::isGoodCondition(void)" (?isGoodCondition@CConditionDialog@CHotkeyOptions@@CA_NXZ) 함수)에서 확인하지 못했습니다.
     1>CHotkeyOptions.obj : error LNK2019: "public: enum EDirection __thiscall CInputFilter::CSwitchInDirectionAction::getDirection(void)const " (?getDirection@CSwitchInDirectionAction@CInputFilter@@QBE?AW4EDirection@@XZ) 외부 기호(참조 위치: "private: static void __cdecl CHotkeyOptions::CActionDialog::doInit(struct HWND__ *)" (?doInit@CActionDialog@CHotkeyOptions@@CAXPAUHWND__@@@Z) 함수)에서 확인하지 못했습니다.
     1>CHotkeyOptions.obj : error LNK2019: "public: class std::basic_string<char,struct std::char_traits<char>,class std::allocator<char> > __thiscall CInputFilter::CSwitchToScreenAction::getScreen(void)const " (?getScreen@CSwitchToScreenAction@CInputFilter@@QBE?AV?$basic_string@DU?$char_traits@D@std@@V?$allocator@D@2@@std@@XZ) 외부 기호(참조 위치: "private: static void __cdecl CHotkeyOptions::CActionDialog::doInit(struct HWND__ *)" (?doInit@CActionDialog@CHotkeyOptions@@CAXPAUHWND__@@@Z) 함수)에서 확인하지 못했습니다.
     1>CHotkeyOptions.obj : error LNK2019: "public: enum CInputFilter::CLockCursorToScreenAction::Mode __thiscall CInputFilter::CLockCursorToScreenAction::getMode(void)const " (?getMode@CLockCursorToScreenAction@CInputFilter@@QBE?AW4Mode@12@XZ) 외부 기호(참조 위치: "private: static void __cdecl CHotkeyOptions::CActionDialog::doInit(struct HWND__ *)" (?doInit@CActionDialog@CHotkeyOptions@@CAXPAUHWND__@@@Z) 함수)에서확인하지 못했습니다.
     1>CHotkeyOptions.obj : error LNK2019: "public: bool __thiscall CInputFilter::CKeystrokeAction::isOnPress(void)const " (?isOnPress@CKeystrokeAction@CInputFilter@@QBE_NXZ) 외부 기호(참조 위치: "private: static void __cdecl CHotkeyOptions::CActionDialog::doInit(struct HWND__ *)" (?doInit@CActionDialog@CHotkeyOptions@@CAXPAUHWND__@@@Z) 함수)에서 확인하지 못했습니다.
     1>CHotkeyOptions.obj : error LNK2019: "public: class CConfig::const_iterator __thiscall CConfig::end(void)const " (?end@CConfig@@QBE?AVconst_iterator@1@XZ) 외부 기호(참조 위치: "private: static void __cdecl CHotkeyOptions::CActionDialog::doInit(struct HWND__ *)" (?doInit@CActionDialog@CHotkeyOptions@@CAXPAUHWND__@@@Z) 함수)에서 확인하지 못했습니다.
     1>CScreensLinks.obj : error LNK2001: "public: class CConfig::const_iterator __thiscall CConfig::end(void)const " (?end@CConfig@@QBE?AVconst_iterator@1@XZ) 외부 기호를 확인할 수 없습니다.
     1>CHotkeyOptions.obj : error LNK2019: "public: class CConfig::const_iterator __thiscall CConfig::begin(void)const " (?begin@CConfig@@QBE?AVconst_iterator@1@XZ) 외부 기호(참조 위치: "private: static void __cdecl CHotkeyOptions::CActionDialog::doInit(struct HWND__ *)" (?doInit@CActionDialog@CHotkeyOptions@@CAXPAUHWND__@@@Z) 함수)에서 확인하지 못했습니다.
     1>CScreensLinks.obj : error LNK2001: "public: class CConfig::const_iterator __thiscall CConfig::begin(void)const " (?begin@CConfig@@QBE?AVconst_iterator@1@XZ) 외부 기호를 확인할 수 없습니다.
     1>CHotkeyOptions.obj : error LNK2019: "public: static class IPrimaryScreen::CButtonInfo * __cdecl IPrimaryScreen::CButtonInfo::alloc(unsigned char,unsigned int)" (?alloc@CButtonInfo@IPrimaryScreen@@SAPAV12@EI@Z) 외부 기호(참조 위치: "private: static void __cdecl CHotkeyOptions::CActionDialog::onButton(struct HWND__ *,unsigned char)" (?onButton@CActionDialog@CHotkeyOptions@@CAXPAUHWND__@@E@Z) 함수)에서 확인하지 못했습니다.
     1>CHotkeyOptions.obj : error LNK2019: "public: static class IKeyState::CKeyInfo * __cdecl IKeyState::CKeyInfo::alloc(unsigned int,unsigned int,unsigned short,int,class std::set<class std::basic_string<char,struct std::char_traits<char>,class std::allocator<char> >,struct std::less<class std::basic_string<char,struct std::char_traits<char>,class std::allocator<char> > >,class std::allocator<class std::basic_string<char,struct std::char_traits<char>,class std::allocator<char> > > > const &)" (?alloc@CKeyInfo@IKeyState@@SAPAV12@IIGHABV?$set@V?$basic_string@DU?$char_traits@D@std@@V?$allocator@D@2@@std@@U?$less@V?$basic_string@DU?$char_traits@D@std@@V?$allocator@D@2@@std@@@2@V?$allocator@V?$basic_string@DU?$char_traits@D@std@@V?$allocator@D@2@@std@@@2@@std@@@Z) 외부 기호(참조 위치: "private: static void __cdecl CHotkeyOptions::CActionDialog::onKey(struct HWND__ *,unsigned int,long)" (?onKey@CActionDialog@CHotkeyOptions@@CAXPAUHWND__@@IJ@Z) 함수)에서 확인하지 못했습니다.
     1>CHotkeyOptions.obj : error LNK2019: "public: static void __cdecl IKeyState::CKeyInfo::split(char const *,class std::set<class std::basic_string<char,struct std::char_traits<char>,class std::allocator<char> >,struct std::less<class std::basic_string<char,struct std::char_traits<char>,class std::allocator<char> > >,class std::allocator<class std::basic_string<char,struct std::char_traits<char>,class std::allocator<char> > > > &)" (?split@CKeyInfo@IKeyState@@SAXPBDAAV?$set@V?$basic_string@DU?$char_traits@D@std@@V?$allocator@D@2@@std@@U?$less@V?$basic_string@DU?$char_traits@D@std@@V?$allocator@D@2@@std@@@2@V?$allocator@V?$basic_string@DU?$char_traits@D@std@@V?$allocator@D@2@@std@@@2@@std@@@Z) 외부 기호(참조 위치: "private: static void __cdecl CHotkeyOptions::CActionDialog::onKey(struct HWND__ *,unsigned int,long)" (?onKey@CActionDialog@CHotkeyOptions@@CAXPAUHWND__@@IJ@Z) 함수)에서 확인하지 못했습니다.
     1>CHotkeyOptions.obj : error LNK2019: "public: __thiscall CInputFilter::CLockCursorToScreenAction::CLockCursorToScreenAction(enum CInputFilter::CLockCursorToScreenAction::Mode)" (??0CLockCursorToScreenAction@CInputFilter@@QAE@W4Mode@01@@Z) 외부 기호(참조 위치: "private: static void __cdecl CHotkeyOptions::CActionDialog::onLockAction(struct HWND__ *)" (?onLockAction@CActionDialog@CHotkeyOptions@@CAXPAUHWND__@@@Z) 함수)에서 확인하지 못했습니다.
     1>CHotkeyOptions.obj : error LNK2019: "public: __thiscall CInputFilter::CSwitchToScreenAction::CSwitchToScreenAction(class std::basic_string<char,struct std::char_traits<char>,class std::allocator<char> > const &)" (??0CSwitchToScreenAction@CInputFilter@@QAE@ABV?$basic_string@DU?$char_traits@D@std@@V?$allocator@D@2@@std@@@Z) 외부 기호(참조 위치: "private: static void __cdecl CHotkeyOptions::CActionDialog::onSwitchToAction(struct HWND__ *)" (?onSwitchToAction@CActionDialog@CHotkeyOptions@@CAXPAUHWND__@@@Z) 함수)에서 확인하지 못했습니다.
     1>CHotkeyOptions.obj : error LNK2019: "public: __thiscall CInputFilter::CSwitchInDirectionAction::CSwitchInDirectionAction(enum EDirection)" (??0CSwitchInDirectionAction@CInputFilter@@QAE@W4EDirection@@@Z) 외부 기호(참조 위치: "private: static void __cdecl CHotkeyOptions::CActionDialog::onSwitchInAction(struct HWND__ *)" (?onSwitchInAction@CActionDialog@CHotkeyOptions@@CAXPAUHWND__@@@Z) 함수)에서 확인하지 못했습니다.
     1>CHotkeyOptions.obj : error LNK2019: "public: void __thiscall CInputFilter::CKeystrokeAction::adoptInfo(class IKeyState::CKeyInfo *)" (?adoptInfo@CKeystrokeAction@CInputFilter@@QAEXPAVCKeyInfo@IKeyState@@@Z) 외부 기호(참조 위치: "private: static void __cdecl CHotkeyOptions::CScreensDialog::doFini(struct HWND__ *)" (?doFini@CScreensDialog@CHotkeyOptions@@CAXPAUHWND__@@@Z) 함수)에서 확인하지 못했습니다.
     1>CScreensLinks.obj : error LNK2019: "public: virtual __thiscall CConfig::~CConfig(void)" (??1CConfig@@UAE@XZ) 외부 기호(참조 위치: "public: __thiscall CScreensLinks::~CScreensLinks(void)" (??1CScreensLinks@@QAE@XZ) 함수)에서 확인하지 못했습니다.
     1>launcher.obj : error LNK2001: "public: virtual __thiscall CConfig::~CConfig(void)" (??1CConfig@@UAE@XZ) 외부 기호를 확인할 수 없습니다.
     1>CScreensLinks.obj : error LNK2019: "public: __thiscall CConfig::CConfig(void)" (??0CConfig@@QAE@XZ) 외부 기호(참조 위치: "public: __thiscall CScreensLinks::CScreensLinks(struct HWND__ *,class CConfig *)" (??0CScreensLinks@@QAE@PAUHWND__@@PAVCConfig@@@Z) 함수)에서 확인하지 못했습니다.
     1>launcher.obj : error LNK2001: "public: __thiscall CConfig::CConfig(void)" (??0CConfig@@QAE@XZ) 외부 기호를 확인할 수 없습니다.
     1>CScreensLinks.obj : error LNK2019: "public: class CInputFilter & __thiscall CInputFilter::operator=(class CInputFilter const &)" (??4CInputFilter@@QAEAAV0@ABV0@@Z) 외부 기호(참조 위치: "public: class CConfig & __thiscall CConfig::operator=(class CConfig const &)" (??4CConfig@@QAEAAV0@ABV0@@Z) 함수)에서 확인하지 못했습니다.
     1>launcher.obj : error LNK2001: "public: class CInputFilter & __thiscall CInputFilter::operator=(class CInputFilter const &)" (??4CInputFilter@@QAEAAV0@ABV0@@Z) 외부 기호를 확인할 수 없습니다.
     1>CScreensLinks.obj : error LNK2019: "public: class CNetworkAddress & __thiscall CNetworkAddress::operator=(class CNetworkAddress const &)" (??4CNetworkAddress@@QAEAAV0@ABV0@@Z) 외부 기호(참조 위치: "public: class CConfig & __thiscall CConfig::operator=(class CConfig const &)" (??4CConfig@@QAEAAV0@ABV0@@Z) 함수)에서 확인하지 못했습니다.
     1>launcher.obj : error LNK2001: "public: class CNetworkAddress & __thiscall CNetworkAddress::operator=(class CNetworkAddress const &)" (??4CNetworkAddress@@QAEAAV0@ABV0@@Z) 외부 기호를 확인할 수 없습니다.
     1>CScreensLinks.obj : error LNK2019: "public: void __thiscall CConfig::removeScreen(class std::basic_string<char,struct std::char_traits<char>,class std::allocator<char> > const &)" (?removeScreen@CConfig@@QAEXABV?$basic_string@DU?$char_traits@D@std@@V?$allocator@D@2@@std@@@Z) 외부 기호(참조 위치: "private: void __thiscall CScreensLinks::removeScreen(struct HWND__ *)" (?removeScreen@CScreensLinks@@AAEXPAUHWND__@@@Z) 함수)에서 확인하지 못했습니다.
     1>CScreensLinks.obj : error LNK2019: "public: class std::_Tree_const_iterator<class std::_Tree_val<class std::_Tmap_traits<class CConfig::CCellEdge,class CConfig::CCellEdge,struct std::less<class CConfig::CCellEdge>,class std::allocator<struct std::pair<class CConfig::CCellEdge const ,class CConfig::CCellEdge> >,0> > > __thiscall CConfig::endNeighbor(class std::basic_string<char,struct std::char_traits<char>,class std::allocator<char> > const &)const " (?endNeighbor@CConfig@@QBE?AV?$_Tree_const_iterator@V?$_Tree_val@V?$_Tmap_traits@VCCellEdge@CConfig@@V12@U?$less@VCCellEdge@CConfig@@@std@@V?$allocator@U?$pair@$$CBVCCellEdge@CConfig@@V12@@std@@@4@$0A@@std@@@std@@@std@@ABV?$basic_string@DU?$char_traits@D@std@@V?$allocator@D@2@@3@@Z) 외부 기호(참조 위치: "private: void __thiscall CScreensLinks::updateLinks(struct HWND__ *)" (?updateLinks@CScreensLinks@@AAEXPAUHWND__@@@Z) 함수)에서 확인하지 못했습니다.
     1>CScreensLinks.obj : error LNK2019: "public: class std::_Tree_const_iterator<class std::_Tree_val<class std::_Tmap_traits<class CConfig::CCellEdge,class CConfig::CCellEdge,struct std::less<class CConfig::CCellEdge>,class std::allocator<struct std::pair<class CConfig::CCellEdge const ,class CConfig::CCellEdge> >,0> > > __thiscall CConfig::beginNeighbor(class std::basic_string<char,struct std::char_traits<char>,class std::allocator<char> > const &)const " (?beginNeighbor@CConfig@@QBE?AV?$_Tree_const_iterator@V?$_Tree_val@V?$_Tmap_traits@VCCellEdge@CConfig@@V12@U?$less@VCCellEdge@CConfig@@@std@@V?$allocator@U?$pair@$$CBVCCellEdge@CConfig@@V12@@std@@@4@$0A@@std@@@std@@@std@@ABV?$basic_string@DU?$char_traits@D@std@@V?$allocator@D@2@@3@@Z) 외부 기호(참조 위치: "private: void __thiscall CScreensLinks::updateLinks(struct HWND__ *)" (?updateLinks@CScreensLinks@@AAEXPAUHWND__@@@Z) 함수)에서 확인하지 못했습니다.
     1>CScreensLinks.obj : error LNK2019: "public: __thiscall CConfig::CCellEdge::~CCellEdge(void)" (??1CCellEdge@CConfig@@QAE@XZ) 외부 기호(참조 위치: "public: __thiscall std::_Pair_base<class CConfig::CCellEdge,class CConfig::CCellEdge>::~_Pair_base<class CConfig::CCellEdge,class CConfig::CCellEdge>(void)" (??1?$_Pair_base@VCCellEdge@CConfig@@V12@@std@@QAE@XZ) 함수)에서 확인하지 못했습니다.
     1>launcher.obj : error LNK2001: "public: __thiscall CConfig::CCellEdge::~CCellEdge(void)" (??1CCellEdge@CConfig@@QAE@XZ) 외부 기호를 확인할 수 없습니다.
     1>CScreensLinks.obj : error LNK2019: "public: bool __thiscall CConfig::isCanonicalName(class std::basic_string<char,struct std::char_traits<char>,class std::allocator<char> > const &)const " (?isCanonicalName@CConfig@@QBE_NABV?$basic_string@DU?$char_traits@D@std@@V?$allocator@D@2@@std@@@Z) 외부 기호(참조 위치: "private: void __thiscall CScreensLinks::updateLinkValid(struct HWND__ *,struct CScreensLinks::CEdgeLink const &)" (?updateLinkValid@CScreensLinks@@AAEXPAUHWND__@@ABUCEdgeLink@1@@Z) 함수)에서 확인하지 못했습니다.
     1>CScreensLinks.obj : error LNK2019: "public: class std::basic_string<char,struct std::char_traits<char>,class std::allocator<char> > __thiscall CConfig::CCellEdge::getName(void)const " (?getName@CCellEdge@CConfig@@QBE?AV?$basic_string@DU?$char_traits@D@std@@V?$allocator@D@2@@std@@XZ) 외부 기호(참조 위치: "public: __thiscall CScreensLinks::CEdgeLink::CEdgeLink(class std::basic_string<char,struct std::char_traits<char>,class std::allocator<char> > const &,struct std::pair<class CConfig::CCellEdge,class CConfig::CCellEdge> const &)" (??0CEdgeLink@CScreensLinks@@QAE@ABV?$basic_string@DU?$char_traits@D@std@@V?$allocator@D@2@@std@@ABU?$pair@VCCellEdge@CConfig@@V12@@3@@Z) 함수)에서 확인하지 못했습니다.
     1>CScreensLinks.obj : error LNK2019: "public: struct std::pair<float,float> __thiscall CConfig::CCellEdge::getInterval(void)const " (?getInterval@CCellEdge@CConfig@@QBE?AU?$pair@MM@std@@XZ) 외부 기호(참조 위치: "public: __thiscall CScreensLinks::CEdgeLink::CEdgeLink(class std::basic_string<char,struct std::char_traits<char>,class std::allocator<char> > const &,struct std::pair<class CConfig::CCellEdge,class CConfig::CCellEdge> const &)" (??0CEdgeLink@CScreensLinks@@QAE@ABV?$basic_string@DU?$char_traits@D@std@@V?$allocator@D@2@@std@@ABU?$pair@VCCellEdge@CConfig@@V12@@3@@Z) 함수)에서 확인하지 못했습니다.
     1>CScreensLinks.obj : error LNK2019: "public: enum EDirection __thiscall CConfig::CCellEdge::getSide(void)const " (?getSide@CCellEdge@CConfig@@QBE?AW4EDirection@@XZ) 외부 기호(참조 위치: "public: __thiscall CScreensLinks::CEdgeLink::CEdgeLink(class std::basic_string<char,struct std::char_traits<char>,class std::allocator<char> > const &,struct std::pair<class CConfig::CCellEdge,class CConfig::CCellEdge> const &)" (??0CEdgeLink@CScreensLinks@@QAE@ABV?$basic_string@DU?$char_traits@D@std@@V?$allocator@D@2@@std@@ABU?$pair@VCCellEdge@CConfig@@V12@@3@@Z) 함수)에서 확인하지 못했습니다.
     1>CScreensLinks.obj : error LNK2019: "public: bool __thiscall CConfig::connect(class std::basic_string<char,struct std::char_traits<char>,class std::allocator<char> > const &,enum EDirection,float,float,class std::basic_string<char,struct std::char_traits<char>,class std::allocator<char> > const &,float,float)" (?connect@CConfig@@QAE_NABV?$basic_string@DU?$char_traits@D@std@@V?$allocator@D@2@@std@@W4EDirection@@MM0MM@Z) 외부 기호(참조 위치: "public: bool __thiscall CScreensLinks::CEdgeLink::connect(class CConfig *)" (?connect@CEdgeLink@CScreensLinks@@QAE_NPAVCConfig@@@Z) 함수)에서 확인하지 못했습니다.
     1>CScreensLinks.obj : error LNK2019: "public: bool __thiscall CConfig::disconnect(class std::basic_string<char,struct std::char_traits<char>,class std::allocator<char> > const &,enum EDirection,float)" (?disconnect@CConfig@@QAE_NABV?$basic_string@DU?$char_traits@D@std@@V?$allocator@D@2@@std@@W4EDirection@@M@Z) 외부 기호(참조 위치: "public: bool __thiscall CScreensLinks::CEdgeLink::disconnect(class CConfig *)" (?disconnect@CEdgeLink@CScreensLinks@@QAE_NPAVCConfig@@@Z) 함수)에서 확인하지 못했습니다.
     1>CScreensLinks.obj : error LNK2019: "public: bool __thiscall CConfig::hasNeighbor(class std::basic_string<char,struct std::char_traits<char>,class std::allocator<char> > const &,enum EDirection,float,float)const " (?hasNeighbor@CConfig@@QBE_NABV?$basic_string@DU?$char_traits@D@std@@V?$allocator@D@2@@std@@W4EDirection@@MM@Z) 외부 기호(참조 위치: "public: bool __thiscall CScreensLinks::CEdgeLink::overlaps(class CConfig const *)const " (?overlaps@CEdgeLink@CScreensLinks@@QBE_NPBVCConfig@@@Z) 함수)에서 확인하지 못했습니다.
     1>launcher.obj : error LNK2019: "public: virtual __thiscall CArch::~CArch(void)" (??1CArch@@UAE@XZ) 외부 기호(참조 위치: _WinMain@16 함수)에서 확인하지 못했습니다.
     1>launcher.obj : error LNK2019: "public: __thiscall CArch::CArch(void *)" (??0CArch@@QAE@PAX@Z) 외부 기호(참조 위치: _WinMain@16 함수)에서 확인하지 못했습니다.
     1>launcher.obj : error LNK2019: "public: static bool __cdecl CArchMiscWindows::hasValue(struct HKEY__ *,char const *)" (?hasValue@CArchMiscWindows@@SA_NPAUHKEY__@@PBD@Z) 외부 기호(참조 위치: "void __cdecl initMainWindow(struct HWND__ *)" (?initMainWindow@@YAXPAUHWND__@@@Z) 함수)에서 확인하지 못했습니다.
     1>launcher.obj : error LNK2019: "public: bool __thiscall CConfig::operator!=(class CConfig const &)const " (??9CConfig@@QBE_NABV0@@Z) 외부 기호(참조 위치: "bool __cdecl saveMainWindow(struct HWND__ *,enum SaveMode,class std::basic_string<char,struct std::char_traits<char>,class std::allocator<char> > *)" (?saveMainWindow@@YA_NPAUHWND__@@W4SaveMode@@PAV?$basic_string@DU?$char_traits@D@std@@V?$allocator@D@2@@std@@@Z) 함수)에서 확인하지 못했습니다.
     1>LaunchUtil.obj : error LNK2019: "public: static class std::basic_string<char,struct std::char_traits<char>,class std::allocator<char> > __cdecl CMSWindowsUtil::getString(struct HINSTANCE__ *,unsigned long)" (?getString@CMSWindowsUtil@@SA?AV?$basic_string@DU?$char_traits@D@std@@V?$allocator@D@2@@std@@PAUHINSTANCE__@@K@Z) 외부 기호(참조 위치: "class std::basic_string<char,struct std::char_traits<char>,class std::allocator<char> > __cdecl getString(unsigned long)" (?getString@@YA?AV?$basic_string@DU?$char_traits@D@std@@V?$allocator@D@2@@std@@K@Z) 함수)에서 확인하지 못했습니다.
     1>LaunchUtil.obj : error LNK2019: "public: static class std::basic_string<char,struct std::char_traits<char>,class std::allocator<char> > __cdecl CMSWindowsUtil::getErrorString(struct HINSTANCE__ *,unsigned long,unsigned long)" (?getErrorString@CMSWindowsUtil@@SA?AV?$basic_string@DU?$char_traits@D@std@@V?$allocator@D@2@@std@@PAUHINSTANCE__@@KK@Z) 외부 기호(참조 위치: "class std::basic_string<char,struct std::char_traits<char>,class std::allocator<char> > __cdecl getErrorString(unsigned long)" (?getErrorString@@YA?AV?$basic_string@DU?$char_traits@D@std@@V?$allocator@D@2@@std@@K@Z) 함수)에서 확인하지 못했습니다.
     1>LaunchUtil.obj : error LNK2019: "class std::basic_istream<char,struct std::char_traits<char> > & __cdecl operator>>(class std::basic_istream<char,struct std::char_traits<char> > &,class CConfig &)" (??5@YAAAV?$basic_istream@DU?$char_traits@D@std@@@std@@AAV01@AAVCConfig@@@Z) 외부 기호(참조 위치: "bool __cdecl loadConfig(class std::basic_string<char,struct std::char_traits<char>,class std::allocator<char> > const &,class CConfig &)" (?loadConfig@@YA_NABV?$basic_string@DU?$char_traits@D@std@@V?$allocator@D@2@@std@@AAVCConfig@@@Z) 함수)에서 확인하지 못했습니다.
     1>LaunchUtil.obj : error LNK2019: "class std::basic_ostream<char,struct std::char_traits<char> > & __cdecl operator<<(class std::basic_ostream<char,struct std::char_traits<char> > &,class CConfig const &)" (??6@YAAAV?$basic_ostream@DU?$char_traits@D@std@@@std@@AAV01@ABVCConfig@@@Z) 외부 기호(참조 위치: "bool __cdecl saveConfig(class std::basic_string<char,struct std::char_traits<char>,class std::allocator<char> > const &,class CConfig const &)" (?saveConfig@@YA_NABV?$basic_string@DU?$char_traits@D@std@@V?$allocator@D@2@@std@@ABVCConfig@@@Z) 함수)에서 확인하지 못했습니다.
     1>..\..\debug\synergy.exe : fatal error LNK1120: 98개의 확인할 수 없는 외부 참조입니다.
     1>"C:\Users\Pimm\Documents\네이트온 받은 파일\synergy\synergy-1.3.1\synergy-1.3.1\cmd\launcher\launcher.vcxproj" 프로젝트를 빌드했습니다(build 대상). - 실패

빌드하지 못했습니다.

경과 시간: 00:00:18.24
