빌드 시작: 2011-11-17 오후 10:10:08
     1>2 노드의 "C:\Users\Pimm\Documents\네이트온 받은 파일\synergy\synergy-1.3.1\synergy-1.3.1\lib\synergy\libsynergy.vcxproj" 프로젝트(build 대상)입니다.
     1>InitializeBuildStatus:
         ".\..\..\gen\debug\libsynergy.unsuccessfulbuild"에 연결(touching)하고 있습니다.
       ClCompile:
         C:\Program Files\Microsoft Visual Studio 10.0\VC\bin\CL.exe /c /I..\common /I..\arch /I..\base /I..\io /I..\mt /I..\net /ZI /nologo /W4 /WX- /Od /Oy- /D WIN32 /D _DEBUG /D _LIB /D _VC80_UPGRADE=0x0600 /D _MBCS /Gm /EHsc /RTC1 /MTd /GS /Gy- /fp:precise /Zc:wchar_t /Zc:forScope /GR /Fo".\..\..\gen\debug\\" /Fd"..\..\gen\debug\libsynergy.pdb" /Gd /TP /analyze- /errorReport:prompt CClipboard.cpp CKeyMap.cpp CKeyState.cpp CPacketStreamFilter.cpp CPlatformScreen.cpp CProtocolUtil.cpp CScreen.cpp IClipboard.cpp IKeyState.cpp IPrimaryScreen.cpp IScreen.cpp KeyTypes.cpp ProtocolTypes.cpp XScreen.cpp XSynergy.cpp
         CKeyState.cpp
     1>c:\users\pimm\documents\네이트온 받은 파일\synergy\synergy-1.3.1\synergy-1.3.1\lib\synergy\ckeystate.cpp(848): error C2039: 'inserter' : 'std'의 멤버가 아닙니다.
     1>c:\users\pimm\documents\네이트온 받은 파일\synergy\synergy-1.3.1\synergy-1.3.1\lib\synergy\ckeystate.cpp(848): error C3861: 'inserter': 식별자를 찾을 수 없습니다.
     1>c:\users\pimm\documents\네이트온 받은 파일\synergy\synergy-1.3.1\synergy-1.3.1\lib\synergy\ckeystate.cpp(852): error C2039: 'inserter' : 'std'의 멤버가 아닙니다.
     1>c:\users\pimm\documents\네이트온 받은 파일\synergy\synergy-1.3.1\synergy-1.3.1\lib\synergy\ckeystate.cpp(852): error C3861: 'inserter': 식별자를 찾을 수 없습니다.
         코드를 생성하고 있습니다...
         건너뛰고 있습니다... (관련된 변경 내용 없음)
         XSynergy.cpp
         XScreen.cpp
         ProtocolTypes.cpp
         KeyTypes.cpp
         IScreen.cpp
         IPrimaryScreen.cpp
         IKeyState.cpp
         IClipboard.cpp
         CScreen.cpp
         CProtocolUtil.cpp
         CPlatformScreen.cpp
         CPacketStreamFilter.cpp
         CKeyMap.cpp
         CClipboard.cpp
     1>"C:\Users\Pimm\Documents\네이트온 받은 파일\synergy\synergy-1.3.1\synergy-1.3.1\lib\synergy\libsynergy.vcxproj" 프로젝트를 빌드했습니다(build 대상). - 실패

빌드하지 못했습니다.

경과 시간: 00:00:24.77
