빌드 시작: 2011-11-17 오후 8:32:19
     1>3 노드의 "C:\Users\Pimm\Documents\네이트온 받은 파일\synergy\synergy-1.3.1\synergy-1.3.1\lib\server\server.vcxproj" 프로젝트(build 대상)입니다.
     1>InitializeBuildStatus:
         "AlwaysCreate"이(가) 지정되었기 때문에 ".\..\..\gen\debug\server.unsuccessfulbuild"을(를) 만들고 있습니다.
       ClCompile:
         C:\Program Files\Microsoft Visual Studio 10.0\VC\bin\CL.exe /c /I..\common /I..\arch /I..\base /I..\mt /I..\io /I..\net /I..\synergy /I..\platform /ZI /nologo /W4 /WX- /Od /Oy- /D WIN32 /D _DEBUG /D _LIB /D _VC80_UPGRADE=0x0600 /D _MBCS /Gm /EHsc /RTC1 /MTd /GS /Gy- /fp:precise /Zc:wchar_t /Zc:forScope /GR /Fo".\..\..\gen\debug\\" /Fd"..\..\gen\debug\server.pdb" /Gd /TP /analyze- /errorReport:prompt CBaseClientProxy.cpp CClientListener.cpp CClientProxy.cpp CClientProxy1_0.cpp CClientProxy1_1.cpp CClientProxy1_2.cpp CClientProxy1_3.cpp CClientProxyUnknown.cpp CConfig.cpp CInputFilter.cpp CPrimaryClient.cpp CServer.cpp
         CServer.cpp
     1>c:\users\pimm\documents\네이트온 받은 파일\synergy\synergy-1.3.1\synergy-1.3.1\lib\server\cserver.cpp(2061): warning C4996: 'strcpy': This function or variable may be unsafe. Consider using strcpy_s instead. To disable deprecation, use _CRT_SECURE_NO_WARNINGS. See online help for details.
                 c:\program files\microsoft visual studio 10.0\vc\include\string.h(105) : 'strcpy' 선언을 참조하십시오.
     1>c:\users\pimm\documents\네이트온 받은 파일\synergy\synergy-1.3.1\synergy-1.3.1\lib\server\cserver.cpp(2090): warning C4996: 'strcpy': This function or variable may be unsafe. Consider using strcpy_s instead. To disable deprecation, use _CRT_SECURE_NO_WARNINGS. See online help for details.
                 c:\program files\microsoft visual studio 10.0\vc\include\string.h(105) : 'strcpy' 선언을 참조하십시오.
         CPrimaryClient.cpp
         CInputFilter.cpp
         CConfig.cpp
         CClientProxyUnknown.cpp
         CClientProxy1_3.cpp
         CClientProxy1_2.cpp
         CClientProxy1_1.cpp
         CClientProxy1_0.cpp
         CClientProxy.cpp
         CClientListener.cpp
         CBaseClientProxy.cpp
         코드를 생성하고 있습니다...
       Lib:
         C:\Program Files\Microsoft Visual Studio 10.0\VC\bin\Lib.exe /OUT:".\..\..\gen\debug\server.lib" /NOLOGO .\..\..\gen\debug\CBaseClientProxy.obj
         .\..\..\gen\debug\CClientListener.obj
         .\..\..\gen\debug\CClientProxy.obj
         .\..\..\gen\debug\CClientProxy1_0.obj
         .\..\..\gen\debug\CClientProxy1_1.obj
         .\..\..\gen\debug\CClientProxy1_2.obj
         .\..\..\gen\debug\CClientProxy1_3.obj
         .\..\..\gen\debug\CClientProxyUnknown.obj
         .\..\..\gen\debug\CConfig.obj
         .\..\..\gen\debug\CInputFilter.obj
         .\..\..\gen\debug\CPrimaryClient.obj
         .\..\..\gen\debug\CServer.obj
         server.vcxproj -> C:\Users\Pimm\Documents\네이트온 받은 파일\synergy\synergy-1.3.1\synergy-1.3.1\lib\server\.\..\..\gen\debug\server.lib
       FinalizeBuildStatus:
         ".\..\..\gen\debug\server.unsuccessfulbuild" 파일을 삭제하고 있습니다.
         ".\..\..\gen\debug\server.lastbuildstate"에 연결(touching)하고 있습니다.
     1>"C:\Users\Pimm\Documents\네이트온 받은 파일\synergy\synergy-1.3.1\synergy-1.3.1\lib\server\server.vcxproj" 프로젝트를 빌드했습니다(build 대상).

빌드했습니다.

경과 시간: 00:00:21.51
