빌드 시작: 2011-11-17 오후 10:10:33
     1>5 노드의 "C:\Users\Pimm\Documents\네이트온 받은 파일\synergy\synergy-1.3.1\synergy-1.3.1\cmd\synergyc\synergyc.vcxproj" 프로젝트(build 대상)입니다.
     1>InitializeBuildStatus:
         ".\..\..\gen\debug\synergyc.unsuccessfulbuild"에 연결(touching)하고 있습니다.
       ClCompile:
         모든 출력이 최신 상태입니다.
       ResourceCompile:
         모든 출력이 최신 상태입니다.
       ManifestResourceCompile:
         모든 출력이 최신 상태입니다.
       Link:
         C:\Program Files\Microsoft Visual Studio 10.0\VC\bin\link.exe /ERRORREPORT:PROMPT /OUT:".\..\..\debug\synergyc.exe" /INCREMENTAL /NOLOGO odbc32.lib odbccp32.lib kernel32.lib user32.lib gdi32.lib winspool.lib comdlg32.lib advapi32.lib shell32.lib ole32.lib oleaut32.lib uuid.lib odbc32.lib odbccp32.lib /MANIFEST /ManifestFile:".\..\..\gen\debug\synergyc.exe.intermediate.manifest" /MANIFESTUAC:"level='asInvoker' uiAccess='false'" /DEBUG /PDB:"C:\Users\Pimm\Documents\네이트온 받은 파일\synergy\synergy-1.3.1\synergy-1.3.1\debug\synergyc.pdb" /SUBSYSTEM:WINDOWS /TLBID:1 /DYNAMICBASE /NXCOMPAT /IMPLIB:".\..\..\debug\synergyc.lib" /MACHINE:X86 .\..\..\gen\debug\synergyc.res
         .\..\..\gen\debug\synergyc.exe.embed.manifest.res
         .\..\..\gen\debug\CClientTaskBarReceiver.obj
         .\..\..\gen\debug\CMSWindowsClientTaskBarReceiver.obj
         .\..\..\gen\debug\synergyc.obj
     1>CClientTaskBarReceiver.obj : error LNK2019: "public: static class CArch * __cdecl CArch::getInstance(void)" (?getInstance@CArch@@SAPAV1@XZ) 외부 기호(참조 위치: "public: void __thiscall CClientTaskBarReceiver::updateStatus(class CClient *,class std::basic_string<char,struct std::char_traits<char>,class std::allocator<char> > const &)" (?updateStatus@CClientTaskBarReceiver@@QAEXPAVCClient@@ABV?$basic_string@DU?$char_traits@D@std@@V?$allocator@D@2@@std@@@Z) 함수)에서 확인하지 못했습니다.
     1>CMSWindowsClientTaskBarReceiver.obj : error LNK2001: "public: static class CArch * __cdecl CArch::getInstance(void)" (?getInstance@CArch@@SAPAV1@XZ) 외부 기호를 확인할 수 없습니다.
     1>synergyc.obj : error LNK2001: "public: static class CArch * __cdecl CArch::getInstance(void)" (?getInstance@CArch@@SAPAV1@XZ) 외부 기호를 확인할 수 없습니다.
     1>CClientTaskBarReceiver.obj : error LNK2019: "public: bool __thiscall CClient::isConnecting(void)const " (?isConnecting@CClient@@QBE_NXZ) 외부 기호(참조 위치: "public: void __thiscall CClientTaskBarReceiver::updateStatus(class CClient *,class std::basic_string<char,struct std::char_traits<char>,class std::allocator<char> > const &)" (?updateStatus@CClientTaskBarReceiver@@QAEXPAVCClient@@ABV?$basic_string@DU?$char_traits@D@std@@V?$allocator@D@2@@std@@@Z) 함수)에서 확인하지 못했습니다.
     1>CClientTaskBarReceiver.obj : error LNK2019: "public: bool __thiscall CClient::isConnected(void)const " (?isConnected@CClient@@QBE_NXZ) 외부 기호(참조 위치: "public: void __thiscall CClientTaskBarReceiver::updateStatus(class CClient *,class std::basic_string<char,struct std::char_traits<char>,class std::allocator<char> > const &)" (?updateStatus@CClientTaskBarReceiver@@QAEXPAVCClient@@ABV?$basic_string@DU?$char_traits@D@std@@V?$allocator@D@2@@std@@@Z) 함수)에서 확인하지 못했습니다.
     1>CClientTaskBarReceiver.obj : error LNK2019: "public: __thiscall CNetworkAddress::~CNetworkAddress(void)" (??1CNetworkAddress@@QAE@XZ) 외부 기호(참조 위치: "public: void __thiscall CClientTaskBarReceiver::updateStatus(class CClient *,class std::basic_string<char,struct std::char_traits<char>,class std::allocator<char> > const &)" (?updateStatus@CClientTaskBarReceiver@@QAEXPAVCClient@@ABV?$basic_string@DU?$char_traits@D@std@@V?$allocator@D@2@@std@@@Z) 함수)에서 확인하지 못했습니다.
     1>synergyc.obj : error LNK2001: "public: __thiscall CNetworkAddress::~CNetworkAddress(void)" (??1CNetworkAddress@@QAE@XZ) 외부 기호를 확인할 수 없습니다.
     1>CClientTaskBarReceiver.obj : error LNK2019: "public: class std::basic_string<char,struct std::char_traits<char>,class std::allocator<char> > __thiscall CNetworkAddress::getHostname(void)const " (?getHostname@CNetworkAddress@@QBE?AV?$basic_string@DU?$char_traits@D@std@@V?$allocator@D@2@@std@@XZ) 외부 기호(참조 위치: "public: void __thiscall CClientTaskBarReceiver::updateStatus(class CClient *,class std::basic_string<char,struct std::char_traits<char>,class std::allocator<char> > const &)" (?updateStatus@CClientTaskBarReceiver@@QAEXPAVCClient@@ABV?$basic_string@DU?$char_traits@D@std@@V?$allocator@D@2@@std@@@Z) 함수)에서 확인하지 못했습니다.
     1>CClientTaskBarReceiver.obj : error LNK2019: "public: class CNetworkAddress __thiscall CClient::getServerAddress(void)const " (?getServerAddress@CClient@@QBE?AVCNetworkAddress@@XZ) 외부 기호(참조 위치: "public: void __thiscall CClientTaskBarReceiver::updateStatus(class CClient *,class std::basic_string<char,struct std::char_traits<char>,class std::allocator<char> > const &)" (?updateStatus@CClientTaskBarReceiver@@QAEXPAVCClient@@ABV?$basic_string@DU?$char_traits@D@std@@V?$allocator@D@2@@std@@@Z) 함수)에서 확인하지 못했습니다.
     1>CClientTaskBarReceiver.obj : error LNK2019: "public: __thiscall CEvent::CEvent(unsigned int,void *,void *,unsigned int)" (??0CEvent@@QAE@IPAX0I@Z) 외부 기호(참조 위치: "protected: void __thiscall CClientTaskBarReceiver::quit(void)" (?quit@CClientTaskBarReceiver@@IAEXXZ) 함수)에서 확인하지 못했습니다.
     1>synergyc.obj : error LNK2001: "public: __thiscall CEvent::CEvent(unsigned int,void *,void *,unsigned int)" (??0CEvent@@QAE@IPAX0I@Z) 외부 기호를 확인할 수 없습니다.
     1>CClientTaskBarReceiver.obj : error LNK2019: "public: static class IEventQueue * __cdecl IEventQueue::getInstance(void)" (?getInstance@IEventQueue@@SAPAV1@XZ) 외부 기호(참조 위치: "protected: void __thiscall CClientTaskBarReceiver::quit(void)" (?quit@CClientTaskBarReceiver@@IAEXXZ) 함수)에서 확인하지 못했습니다.
     1>synergyc.obj : error LNK2001: "public: static class IEventQueue * __cdecl IEventQueue::getInstance(void)" (?getInstance@IEventQueue@@SAPAV1@XZ) 외부 기호를 확인할 수 없습니다.
     1>CClientTaskBarReceiver.obj : error LNK2019: "public: static class std::basic_string<char,struct std::char_traits<char>,class std::allocator<char> > __cdecl CStringUtil::print(char const *,...)" (?print@CStringUtil@@SA?AV?$basic_string@DU?$char_traits@D@std@@V?$allocator@D@2@@std@@PBDZZ) 외부 기호(참조 위치: "public: virtual class std::basic_string<char,struct std::char_traits<char>,class std::allocator<char> > __thiscall CClientTaskBarReceiver::getToolTip(void)const " (?getToolTip@CClientTaskBarReceiver@@UBE?AV?$basic_string@DU?$char_traits@D@std@@V?$allocator@D@2@@std@@XZ) 함수)에서 확인하지 못했습니다.
     1>CClientTaskBarReceiver.obj : error LNK2001: "char const * const kAppVersion" (?kAppVersion@@3PBDB) 외부 기호를 확인할 수 없습니다.
     1>synergyc.obj : error LNK2001: "char const * const kAppVersion" (?kAppVersion@@3PBDB) 외부 기호를 확인할 수 없습니다.
     1>CMSWindowsClientTaskBarReceiver.obj : error LNK2019: "public: void __thiscall CLog::setFilter(int)" (?setFilter@CLog@@QAEXH@Z) 외부 기호(참조 위치: "public: virtual void __thiscall CMSWindowsClientTaskBarReceiver::runMenu(int,int)" (?runMenu@CMSWindowsClientTaskBarReceiver@@UAEXHH@Z) 함수)에서 확인하지 못했습니다.
     1>CMSWindowsClientTaskBarReceiver.obj : error LNK2019: "public: int __thiscall CLog::getFilter(void)const " (?getFilter@CLog@@QBEHXZ) 외부 기호(참조 위치: "public: virtual void __thiscall CMSWindowsClientTaskBarReceiver::runMenu(int,int)" (?runMenu@CMSWindowsClientTaskBarReceiver@@UAEXHH@Z) 함수)에서 확인하지 못했습니다.
     1>CMSWindowsClientTaskBarReceiver.obj : error LNK2019: "public: static class CLog * __cdecl CLog::getInstance(void)" (?getInstance@CLog@@SAPAV1@XZ) 외부 기호(참조 위치: "public: virtual void __thiscall CMSWindowsClientTaskBarReceiver::runMenu(int,int)" (?runMenu@CMSWindowsClientTaskBarReceiver@@UAEXHH@Z) 함수)에서 확인하지 못했습니다.
     1>synergyc.obj : error LNK2001: "public: static class CLog * __cdecl CLog::getInstance(void)" (?getInstance@CLog@@SAPAV1@XZ) 외부 기호를 확인할 수 없습니다.
     1>CMSWindowsClientTaskBarReceiver.obj : error LNK2019: "public: virtual __thiscall CMSWindowsClipboard::~CMSWindowsClipboard(void)" (??1CMSWindowsClipboard@@UAE@XZ) 외부 기호(참조 위치: "protected: void __thiscall CMSWindowsClientTaskBarReceiver::copyLog(void)const " (?copyLog@CMSWindowsClientTaskBarReceiver@@IBEXXZ) 함수)에서 확인하지 못했습니다.
     1>CMSWindowsClientTaskBarReceiver.obj : error LNK2019: "public: virtual void __thiscall CMSWindowsClipboard::close(void)const " (?close@CMSWindowsClipboard@@UBEXXZ) 외부 기호(참조 위치: "protected: void __thiscall CMSWindowsClientTaskBarReceiver::copyLog(void)const " (?copyLog@CMSWindowsClientTaskBarReceiver@@IBEXXZ) 함수)에서 확인하지 못했습니다.
     1>CMSWindowsClientTaskBarReceiver.obj : error LNK2019: "public: virtual void __thiscall CMSWindowsClipboard::add(enum IClipboard::EFormat,class std::basic_string<char,struct std::char_traits<char>,class std::allocator<char> > const &)" (?add@CMSWindowsClipboard@@UAEXW4EFormat@IClipboard@@ABV?$basic_string@DU?$char_traits@D@std@@V?$allocator@D@2@@std@@@Z) 외부 기호(참조 위치: "protected: void __thiscall CMSWindowsClientTaskBarReceiver::copyLog(void)const " (?copyLog@CMSWindowsClientTaskBarReceiver@@IBEXXZ) 함수)에서 확인하지 못했습니다.
     1>CMSWindowsClientTaskBarReceiver.obj : error LNK2019: "public: bool __thiscall CMSWindowsClipboard::emptyUnowned(void)" (?emptyUnowned@CMSWindowsClipboard@@QAE_NXZ) 외부 기호(참조 위치: "protected: void __thiscall CMSWindowsClientTaskBarReceiver::copyLog(void)const " (?copyLog@CMSWindowsClientTaskBarReceiver@@IBEXXZ) 함수)에서 확인하지 못했습니다.
     1>CMSWindowsClientTaskBarReceiver.obj : error LNK2019: "public: virtual bool __thiscall CMSWindowsClipboard::open(unsigned int)const " (?open@CMSWindowsClipboard@@UBE_NI@Z) 외부 기호(참조 위치: "protected: void __thiscall CMSWindowsClientTaskBarReceiver::copyLog(void)const " (?copyLog@CMSWindowsClientTaskBarReceiver@@IBEXXZ) 함수)에서 확인하지 못했습니다.
     1>CMSWindowsClientTaskBarReceiver.obj : error LNK2019: "public: __thiscall CMSWindowsClipboard::CMSWindowsClipboard(struct HWND__ *)" (??0CMSWindowsClipboard@@QAE@PAUHWND__@@@Z) 외부 기호(참조 위치: "protected: void __thiscall CMSWindowsClientTaskBarReceiver::copyLog(void)const " (?copyLog@CMSWindowsClientTaskBarReceiver@@IBEXXZ) 함수)에서 확인하지 못했습니다.
     1>CMSWindowsClientTaskBarReceiver.obj : error LNK2019: "public: class std::_Deque_const_iterator<class std::basic_string<char,struct std::char_traits<char>,class std::allocator<char> >,class std::allocator<class std::basic_string<char,struct std::char_traits<char>,class std::allocator<char> > > > __thiscall CBufferedLogOutputter::end(void)const " (?end@CBufferedLogOutputter@@QBE?AV?$_Deque_const_iterator@V?$basic_string@DU?$char_traits@D@std@@V?$allocator@D@2@@std@@V?$allocator@V?$basic_string@DU?$char_traits@D@std@@V?$allocator@D@2@@std@@@2@@std@@XZ) 외부 기호(참조 위치: "protected: void __thiscall CMSWindowsClientTaskBarReceiver::copyLog(void)const " (?copyLog@CMSWindowsClientTaskBarReceiver@@IBEXXZ) 함수)에서 확인하지 못했습니다.
     1>CMSWindowsClientTaskBarReceiver.obj : error LNK2019: "public: class std::_Deque_const_iterator<class std::basic_string<char,struct std::char_traits<char>,class std::allocator<char> >,class std::allocator<class std::basic_string<char,struct std::char_traits<char>,class std::allocator<char> > > > __thiscall CBufferedLogOutputter::begin(void)const " (?begin@CBufferedLogOutputter@@QBE?AV?$_Deque_const_iterator@V?$basic_string@DU?$char_traits@D@std@@V?$allocator@D@2@@std@@V?$allocator@V?$basic_string@DU?$char_traits@D@std@@V?$allocator@D@2@@std@@@2@@std@@XZ) 외부 기호(참조 위치: "protected: void __thiscall CMSWindowsClientTaskBarReceiver::copyLog(void)const " (?copyLog@CMSWindowsClientTaskBarReceiver@@IBEXXZ) 함수)에서 확인하지 못했습니다.
     1>CMSWindowsClientTaskBarReceiver.obj : error LNK2019: "public: static void __cdecl CArchTaskBarWindows::addDialog(struct HWND__ *)" (?addDialog@CArchTaskBarWindows@@SAXPAUHWND__@@@Z) 외부 기호(참조 위치: "private: void __thiscall CMSWindowsClientTaskBarReceiver::createWindow(void)" (?createWindow@CMSWindowsClientTaskBarReceiver@@AAEXXZ) 함수)에서 확인하지 못했습니다.
     1>CMSWindowsClientTaskBarReceiver.obj : error LNK2019: "public: static void __cdecl CArchTaskBarWindows::removeDialog(struct HWND__ *)" (?removeDialog@CArchTaskBarWindows@@SAXPAUHWND__@@@Z) 외부 기호(참조 위치: "private: void __thiscall CMSWindowsClientTaskBarReceiver::destroyWindow(void)" (?destroyWindow@CMSWindowsClientTaskBarReceiver@@AAEXXZ) 함수)에서 확인하지 못했습니다.
     1>synergyc.obj : error LNK2019: "public: class std::basic_string<char,struct std::char_traits<char>,class std::allocator<char> > __thiscall XArch::what(void)const " (?what@XArch@@QBE?AV?$basic_string@DU?$char_traits@D@std@@V?$allocator@D@2@@std@@XZ) 외부 기호(참조 위치: __catch$_WinMain@16$0 함수)에서 확인하지 못했습니다.
     1>synergyc.obj : error LNK2019: "public: virtual __thiscall CArch::~CArch(void)" (??1CArch@@UAE@XZ) 외부 기호(참조 위치: _WinMain@16 함수)에서 확인하지 못했습니다.
     1>synergyc.obj : error LNK2019: "public: static bool __cdecl CArchMiscWindows::isWindows95Family(void)" (?isWindows95Family@CArchMiscWindows@@SA_NXZ) 외부 기호(참조 위치: _WinMain@16 함수)에서 확인하지 못했습니다.
     1>synergyc.obj : error LNK2019: "public: __thiscall CThread::~CThread(void)" (??1CThread@@QAE@XZ) 외부 기호(참조 위치: _WinMain@16 함수)에서 확인하지 못했습니다.
     1>synergyc.obj : error LNK2019: "public: void __thiscall CThread::setPriority(int)" (?setPriority@CThread@@QAEXH@Z) 외부 기호(참조 위치: _WinMain@16 함수)에서 확인하지 못했습니다.
     1>synergyc.obj : error LNK2019: "public: static class CThread __cdecl CThread::getCurrentThread(void)" (?getCurrentThread@CThread@@SA?AV1@XZ) 외부 기호(참조 위치: _WinMain@16 함수)에서 확인하지 못했습니다.
     1>synergyc.obj : error LNK2019: "public: static void __cdecl CMSWindowsScreen::init(struct HINSTANCE__ *)" (?init@CMSWindowsScreen@@SAXPAUHINSTANCE__@@@Z) 외부 기호(참조 위치: _WinMain@16 함수)에서 확인하지 못했습니다.
     1>synergyc.obj : error LNK2019: "public: __thiscall CArch::CArch(void *)" (??0CArch@@QAE@PAX@Z) 외부 기호(참조 위치: _WinMain@16 함수)에서 확인하지 못했습니다.
     1>synergyc.obj : error LNK2019: "public: static void __cdecl CArchMiscWindows::setIcons(struct HICON__ *,struct HICON__ *)" (?setIcons@CArchMiscWindows@@SAXPAUHICON__@@0@Z) 외부 기호(참조 위치: _WinMain@16 함수)에서 확인하지 못했습니다.
     1>synergyc.obj : error LNK2019: "public: static void __cdecl CEvent::deleteData(class CEvent const &)" (?deleteData@CEvent@@SAXABV1@@Z) 외부 기호(참조 위치: "int __cdecl mainLoop(void)" (?mainLoop@@YAHXZ) 함수)에서 확인하지 못했습니다.
     1>synergyc.obj : error LNK2019: "public: unsigned int __thiscall CEvent::getType(void)const " (?getType@CEvent@@QBEIXZ) 외부 기호(참조 위치: "int __cdecl mainLoop(void)" (?mainLoop@@YAHXZ) 함수)에서 확인하지 못했습니다.
     1>synergyc.obj : error LNK2019: "public: static void __cdecl CArchMiscWindows::daemonRunning(bool)" (?daemonRunning@CArchMiscWindows@@SAX_N@Z) 외부 기호(참조 위치: "int __cdecl mainLoop(void)" (?mainLoop@@YAHXZ) 함수)에서 확인하지 못했습니다.
     1>synergyc.obj : error LNK2019: "public: __thiscall CEvent::CEvent(void)" (??0CEvent@@QAE@XZ) 외부 기호(참조 위치: "int __cdecl mainLoop(void)" (?mainLoop@@YAHXZ) 함수)에서 확인하지 못했습니다.
     1>synergyc.obj : error LNK2019: "public: __thiscall CSocketMultiplexer::~CSocketMultiplexer(void)" (??1CSocketMultiplexer@@QAE@XZ) 외부 기호(참조 위치: "int __cdecl mainLoop(void)" (?mainLoop@@YAHXZ) 함수)에서 확인하지 못했습니다.
     1>synergyc.obj : error LNK2019: "public: virtual __thiscall CEventQueue::~CEventQueue(void)" (??1CEventQueue@@UAE@XZ) 외부 기호(참조 위치: "int __cdecl mainLoop(void)" (?mainLoop@@YAHXZ) 함수)에서 확인하지 못했습니다.
     1>synergyc.obj : error LNK2019: "public: void __cdecl CLog::print(char const *,int,char const *,...)const " (?print@CLog@@QBAXPBDH0ZZ) 외부 기호(참조 위치: "int __cdecl mainLoop(void)" (?mainLoop@@YAHXZ) 함수)에서 확인하지 못했습니다.
     1>synergyc.obj : error LNK2019: "public: __thiscall CEventQueue::CEventQueue(void)" (??0CEventQueue@@QAE@XZ) 외부 기호(참조 위치: "int __cdecl mainLoop(void)" (?mainLoop@@YAHXZ) 함수)에서 확인하지 못했습니다.
     1>synergyc.obj : error LNK2019: "public: __thiscall CSocketMultiplexer::CSocketMultiplexer(void)" (??0CSocketMultiplexer@@QAE@XZ) 외부 기호(참조 위치: "int __cdecl mainLoop(void)" (?mainLoop@@YAHXZ) 함수)에서 확인하지 못했습니다.
     1>synergyc.obj : error LNK2019: "public: double __thiscall XScreenUnavailable::getRetryTime(void)const " (?getRetryTime@XScreenUnavailable@@QBENXZ) 외부 기호(참조 위치: __catch$?startClient@@YA_NXZ$0 함수)에서 확인하지 못했습니다.
     1>synergyc.obj : error LNK2019: "public: void __thiscall CClient::connect(void)" (?connect@CClient@@QAEXXZ) 외부 기호(참조 위치: "bool __cdecl startClient(void)" (?startClient@@YA_NXZ) 함수)에서 확인하지 못했습니다.
     1>synergyc.obj : error LNK2019: "public: static unsigned int __cdecl IScreen::getErrorEvent(void)" (?getErrorEvent@IScreen@@SAIXZ) 외부 기호(참조 위치: "class CScreen * __cdecl openClientScreen(void)" (?openClientScreen@@YAPAVCScreen@@XZ) 함수)에서 확인하지 못했습니다.
     1>synergyc.obj : error LNK2019: "public: __thiscall CFunctionEventJob::CFunctionEventJob(void (__cdecl*)(class CEvent const &,void *),void *)" (??0CFunctionEventJob@@QAE@P6AXABVCEvent@@PAX@Z1@Z) 외부 기호(참조 위치: "class CScreen * __cdecl openClientScreen(void)" (?openClientScreen@@YAPAVCScreen@@XZ) 함수)에서 확인하지 못했습니다.
     1>synergyc.obj : error LNK2019: "public: __thiscall CScreen::CScreen(class IPlatformScreen *)" (??0CScreen@@QAE@PAVIPlatformScreen@@@Z) 외부 기호(참조 위치: "class CScreen * __cdecl createScreen(void)" (?createScreen@@YAPAVCScreen@@XZ) 함수)에서 확인하지 못했습니다.
     1>synergyc.obj : error LNK2019: "public: __thiscall CMSWindowsScreen::CMSWindowsScreen(bool)" (??0CMSWindowsScreen@@QAE@_N@Z) 외부 기호(참조 위치: "class CScreen * __cdecl createScreen(void)" (?createScreen@@YAPAVCScreen@@XZ) 함수)에서 확인하지 못했습니다.
     1>synergyc.obj : error LNK2019: "public: static unsigned int __cdecl CClient::getDisconnectedEvent(void)" (?getDisconnectedEvent@CClient@@SAIXZ) 외부 기호(참조 위치: "class CClient * __cdecl openClient(class std::basic_string<char,struct std::char_traits<char>,class std::allocator<char> > const &,class CNetworkAddress const &,class CScreen *)" (?openClient@@YAPAVCClient@@ABV?$basic_string@DU?$char_traits@D@std@@V?$allocator@D@2@@std@@ABVCNetworkAddress@@PAVCScreen@@@Z) 함수)에서 확인하지 못했습니다.
     1>synergyc.obj : error LNK2019: "public: static unsigned int __cdecl CClient::getConnectionFailedEvent(void)" (?getConnectionFailedEvent@CClient@@SAIXZ) 외부 기호(참조 위치: "class CClient * __cdecl openClient(class std::basic_string<char,struct std::char_traits<char>,class std::allocator<char> > const &,class CNetworkAddress const &,class CScreen *)" (?openClient@@YAPAVCClient@@ABV?$basic_string@DU?$char_traits@D@std@@V?$allocator@D@2@@std@@ABVCNetworkAddress@@PAVCScreen@@@Z) 함수)에서 확인하지 못했습니다.
     1>synergyc.obj : error LNK2019: "public: static unsigned int __cdecl CClient::getConnectedEvent(void)" (?getConnectedEvent@CClient@@SAIXZ) 외부 기호(참조 위치: "class CClient * __cdecl openClient(class std::basic_string<char,struct std::char_traits<char>,class std::allocator<char> > const &,class CNetworkAddress const &,class CScreen *)" (?openClient@@YAPAVCClient@@ABV?$basic_string@DU?$char_traits@D@std@@V?$allocator@D@2@@std@@ABVCNetworkAddress@@PAVCScreen@@@Z) 함수)에서 확인하지 못했습니다.
     1>synergyc.obj : error LNK2019: "public: __thiscall CClient::CClient(class std::basic_string<char,struct std::char_traits<char>,class std::allocator<char> > const &,class CNetworkAddress const &,class ISocketFactory *,class IStreamFilterFactory *,class CScreen *)" (??0CClient@@QAE@ABV?$basic_string@DU?$char_traits@D@std@@V?$allocator@D@2@@std@@ABVCNetworkAddress@@PAVISocketFactory@@PAVIStreamFilterFactory@@PAVCScreen@@@Z) 외부 기호(참조 위치: "class CClient * __cdecl openClient(class std::basic_string<char,struct std::char_traits<char>,class std::allocator<char> > const &,class CNetworkAddress const &,class CScreen *)" (?openClient@@YAPAVCClient@@ABV?$basic_string@DU?$char_traits@D@std@@V?$allocator@D@2@@std@@ABVCNetworkAddress@@PAVCScreen@@@Z) 함수)에서 확인하지 못했습니다.
     1>synergyc.obj : error LNK2019: "public: __thiscall CTCPSocketFactory::CTCPSocketFactory(void)" (??0CTCPSocketFactory@@QAE@XZ) 외부 기호(참조 위치: "class CClient * __cdecl openClient(class std::basic_string<char,struct std::char_traits<char>,class std::allocator<char> > const &,class CNetworkAddress const &,class CScreen *)" (?openClient@@YAPAVCClient@@ABV?$basic_string@DU?$char_traits@D@std@@V?$allocator@D@2@@std@@ABVCNetworkAddress@@PAVCScreen@@@Z) 함수)에서 확인하지 못했습니다.
     1>synergyc.obj : error LNK2019: "public: void * __thiscall CEvent::getData(void)const " (?getData@CEvent@@QBEPAXXZ) 외부 기호(참조 위치: "void __cdecl handleClientFailed(class CEvent const &,void *)" (?handleClientFailed@@YAXABVCEvent@@PAX@Z) 함수)에서 확인하지 못했습니다.
     1>synergyc.obj : error LNK2019: "public: __thiscall CSystemLogger::~CSystemLogger(void)" (??1CSystemLogger@@QAE@XZ) 외부 기호(참조 위치: "int __cdecl daemonMainLoop(int,char const * *)" (?daemonMainLoop@@YAHHPAPBD@Z) 함수)에서 확인하지 못했습니다.
     1>synergyc.obj : error LNK2019: "public: __thiscall CSystemLogger::CSystemLogger(char const *,bool)" (??0CSystemLogger@@QAE@PBD_N@Z) 외부 기호(참조 위치: "int __cdecl daemonMainLoop(int,char const * *)" (?daemonMainLoop@@YAHHPAPBD@Z) 함수)에서 확인하지 못했습니다.
     1>synergyc.obj : error LNK2019: "public: virtual __thiscall CBufferedLogOutputter::~CBufferedLogOutputter(void)" (??1CBufferedLogOutputter@@UAE@XZ) 외부 기호(참조 위치: "int __cdecl run(int,char * *,class ILogOutputter *,int (__cdecl*)(int,char * *))" (?run@@YAHHPAPADPAVILogOutputter@@P6AHH0@Z@Z) 함수)에서 확인하지 못했습니다.
     1>synergyc.obj : error LNK2019: "public: void __thiscall CLog::remove(class ILogOutputter *)" (?remove@CLog@@QAEXPAVILogOutputter@@@Z) 외부 기호(참조 위치: "int __cdecl run(int,char * *,class ILogOutputter *,int (__cdecl*)(int,char * *))" (?run@@YAHHPAPADPAVILogOutputter@@P6AHH0@Z@Z) 함수)에서 확인하지 못했습니다.
     1>synergyc.obj : error LNK2019: "public: __thiscall CBufferedLogOutputter::CBufferedLogOutputter(unsigned int)" (??0CBufferedLogOutputter@@QAE@I@Z) 외부 기호(참조 위치: "int __cdecl run(int,char * *,class ILogOutputter *,int (__cdecl*)(int,char * *))" (?run@@YAHHPAPADPAVILogOutputter@@P6AHH0@Z@Z) 함수)에서 확인하지 못했습니다.
     1>synergyc.obj : error LNK2019: "public: void __thiscall CLog::insert(class ILogOutputter *,bool)" (?insert@CLog@@QAEXPAVILogOutputter@@_N@Z) 외부 기호(참조 위치: "int __cdecl run(int,char * *,class ILogOutputter *,int (__cdecl*)(int,char * *))" (?run@@YAHHPAPADPAVILogOutputter@@P6AHH0@Z@Z) 함수)에서 확인하지 못했습니다.
     1>synergyc.obj : error LNK2019: "public: __thiscall CNetworkAddress::CNetworkAddress(void)" (??0CNetworkAddress@@QAE@XZ) 외부 기호(참조 위치: "int __cdecl run(int,char * *,class ILogOutputter *,int (__cdecl*)(int,char * *))" (?run@@YAHHPAPADPAVILogOutputter@@P6AHH0@Z@Z) 함수)에서 확인하지 못했습니다.
     1>synergyc.obj : error LNK2019: "public: static struct HINSTANCE__ * __cdecl CMSWindowsScreen::getInstance(void)" (?getInstance@CMSWindowsScreen@@SAPAUHINSTANCE__@@XZ) 외부 기호(참조 위치: "class CClientTaskBarReceiver * __cdecl createTaskBarReceiver(class CBufferedLogOutputter const *)" (?createTaskBarReceiver@@YAPAVCClientTaskBarReceiver@@PBVCBufferedLogOutputter@@@Z) 함수)에서 확인하지 못했습니다.
     1>synergyc.obj : error LNK2001: "char const * const kVersion" (?kVersion@@3PBDB) 외부 기호를 확인할 수 없습니다.
     1>synergyc.obj : error LNK2019: "public: bool __thiscall CLog::setFilter(char const *)" (?setFilter@CLog@@QAE_NPBD@Z) 외부 기호(참조 위치: __catch$?parse@@YAXHPBQBD@Z$0 함수)에서 확인하지 못했습니다.
     1>synergyc.obj : error LNK2019: "public: enum XSocketAddress::EError __thiscall XSocketAddress::getError(void)const " (?getError@XSocketAddress@@QBE?AW4EError@1@XZ) 외부 기호(참조 위치: __catch$?parse@@YAXHPBQBD@Z$0 함수)에서 확인하지 못했습니다.
     1>synergyc.obj : error LNK2019: "public: void __thiscall CNetworkAddress::resolve(void)" (?resolve@CNetworkAddress@@QAEXXZ) 외부 기호(참조 위치: "void __cdecl parse(int,char const * const *)" (?parse@@YAXHPBQBD@Z) 함수)에서 확인하지 못했습니다.
     1>synergyc.obj : error LNK2019: "public: class CNetworkAddress & __thiscall CNetworkAddress::operator=(class CNetworkAddress const &)" (??4CNetworkAddress@@QAEAAV0@ABV0@@Z) 외부 기호(참조 위치: "void __cdecl parse(int,char const * const *)" (?parse@@YAXHPBQBD@Z) 함수)에서 확인하지 못했습니다.
     1>synergyc.obj : error LNK2019: "public: __thiscall CNetworkAddress::CNetworkAddress(class std::basic_string<char,struct std::char_traits<char>,class std::allocator<char> > const &,int)" (??0CNetworkAddress@@QAE@ABV?$basic_string@DU?$char_traits@D@std@@V?$allocator@D@2@@std@@H@Z) 외부 기호(참조 위치: "void __cdecl parse(int,char const * const *)" (?parse@@YAXHPBQBD@Z) 함수)에서 확인하지 못했습니다.
     1>synergyc.obj : error LNK2001: "char const * const kCopyright" (?kCopyright@@3PBDB) 외부 기호를 확인할 수 없습니다.
     1>synergyc.obj : error LNK2019: "public: static void __cdecl CArchMiscWindows::daemonFailed(int)" (?daemonFailed@CArchMiscWindows@@SAXH@Z) 외부 기호(참조 위치: "void __cdecl byeThrow(int)" (?byeThrow@@YAXH@Z) 함수)에서 확인하지 못했습니다.
     1>synergyc.obj : error LNK2019: "public: static int __cdecl CArchMiscWindows::runDaemon(int (__cdecl*)(void))" (?runDaemon@CArchMiscWindows@@SAHP6AHXZ@Z) 외부 기호(참조 위치: "int __cdecl daemonNTMainLoop(int,char const * *)" (?daemonNTMainLoop@@YAHHPAPBD@Z) 함수)에서 확인하지 못했습니다.
     1>synergyc.obj : error LNK2019: "public: static class std::basic_string<char,struct std::char_traits<char>,class std::allocator<char> > __cdecl CStringUtil::format(char const *,...)" (?format@CStringUtil@@SA?AV?$basic_string@DU?$char_traits@D@std@@V?$allocator@D@2@@std@@PBDZZ) 외부 기호(참조 위치: "void __cdecl showError(struct HINSTANCE__ *,char const *,unsigned int,char const *)" (?showError@@YAXPAUHINSTANCE__@@PBDI1@Z) 함수)에서 확인하지 못했습니다.
     1>synergyc.obj : error LNK2019: "public: static class std::basic_string<char,struct std::char_traits<char>,class std::allocator<char> > __cdecl CMSWindowsUtil::getString(struct HINSTANCE__ *,unsigned long)" (?getString@CMSWindowsUtil@@SA?AV?$basic_string@DU?$char_traits@D@std@@V?$allocator@D@2@@std@@PAUHINSTANCE__@@K@Z) 외부 기호(참조 위치: "void __cdecl showError(struct HINSTANCE__ *,char const *,unsignedint,char const *)" (?showError@@YAXPAUHINSTANCE__@@PBDI1@Z) 함수)에서 확인하지 못했습니다.
     1>synergyc.obj : error LNK2019: "public: __thiscall CLog::~CLog(void)" (??1CLog@@QAE@XZ) 외부 기호(참조 위치: "public: void * __thiscall CLog::`scalar deleting destructor'(unsigned int)" (??_GCLog@@QAEPAXI@Z) 함수)에서 확인하지 못했습니다.
     1>.\..\..\debug\synergyc.exe : fatal error LNK1120: 73개의 확인할 수 없는 외부 참조입니다.
     1>"C:\Users\Pimm\Documents\네이트온 받은 파일\synergy\synergy-1.3.1\synergy-1.3.1\cmd\synergyc\synergyc.vcxproj" 프로젝트를 빌드했습니다(build 대상). - 실패

빌드하지 못했습니다.

경과 시간: 00:00:10.18
