빌드 시작: 2011-11-17 오후 8:33:09
     1>3 노드의 "C:\Users\Pimm\Documents\네이트온 받은 파일\synergy\synergy-1.3.1\synergy-1.3.1\cmd\synergys\synergys.vcxproj" 프로젝트(build 대상)입니다.
     1>InitializeBuildStatus:
         "AlwaysCreate"이(가) 지정되었기 때문에 ".\..\..\gen\debug\synergys.unsuccessfulbuild"을(를) 만들고 있습니다.
       ClCompile:
         C:\Program Files\Microsoft Visual Studio 10.0\VC\bin\CL.exe /c /I..\..\lib\common /I..\..\lib\arch /I..\..\lib\base /I..\..\lib\mt /I..\..\lib\io /I..\..\lib\net /I..\..\lib\synergy /I..\..\lib\platform /I..\..\lib\server /ZI /nologo /W4 /WX- /Od /Oy- /D WIN32 /D _DEBUG /D _WINDOWS /D _VC80_UPGRADE=0x0600 /D _MBCS /Gm /EHsc /RTC1 /MTd /GS /Gy- /fp:precise /Zc:wchar_t /Zc:forScope /GR /Fo".\..\..\gen\debug\\" /Fd"..\..\gen\debug\synergys.pdb" /Gd /TP /analyze- /errorReport:prompt CMSWindowsServerTaskBarReceiver.cpp CServerTaskBarReceiver.cpp synergys.cpp
         synergys.cpp
     1>c:\users\pimm\documents\네이트온 받은 파일\synergy\synergy-1.3.1\synergy-1.3.1\cmd\synergys\synergys.cpp(1267): warning C4297: 'WinMain' : 함수는 예외를 Throw하지 않도록 지정되었으나 예외를 Throw했습니다.
                 함수에서 __declspec(nothrow) 또는 throw()를 지정했습니다.
     1>c:\users\pimm\documents\네이트온 받은 파일\synergy\synergy-1.3.1\synergy-1.3.1\cmd\synergys\synergys.cpp(1267): warning C4297: 'WinMain' : 함수는 예외를 Throw하지 않도록 지정되었으나 예외를 Throw했습니다.
                 함수에서 __declspec(nothrow) 또는 throw()를 지정했습니다.
     1>c:\users\pimm\documents\네이트온 받은 파일\synergy\synergy-1.3.1\synergy-1.3.1\cmd\synergys\synergys.cpp(1275): warning C4297: 'WinMain' : 함수는 예외를 Throw하지 않도록 지정되었으나 예외를 Throw했습니다.
                 함수에서 __declspec(nothrow) 또는 throw()를 지정했습니다.
     1>c:\users\pimm\documents\네이트온 받은 파일\synergy\synergy-1.3.1\synergy-1.3.1\cmd\synergys\synergys.cpp(1275): warning C4297: 'WinMain' : 함수는 예외를 Throw하지 않도록 지정되었으나 예외를 Throw했습니다.
                 함수에서 __declspec(nothrow) 또는 throw()를 지정했습니다.
         CServerTaskBarReceiver.cpp
         CMSWindowsServerTaskBarReceiver.cpp
         코드를 생성하고 있습니다...
       ResourceCompile:
         C:\Program Files\Microsoft SDKs\Windows\v7.0A\bin\rc.exe /D _DEBUG /D _VC80_UPGRADE=0x0600 /l"0x0409" /nologo /fo".\..\..\gen\debug\synergys.res" synergys.rc 
       ManifestResourceCompile:
         C:\Program Files\Microsoft SDKs\Windows\v7.0A\bin\rc.exe /nologo /fo".\..\..\gen\debug\synergys.exe.embed.manifest.res" .\..\..\gen\debug\synergys_manifest.rc 
       Link:
         C:\Program Files\Microsoft Visual Studio 10.0\VC\bin\link.exe /ERRORREPORT:PROMPT /OUT:".\..\..\debug\synergys.exe" /INCREMENTAL /NOLOGO odbc32.lib odbccp32.lib kernel32.lib user32.lib gdi32.lib winspool.lib comdlg32.lib advapi32.lib shell32.lib ole32.lib oleaut32.lib uuid.lib odbc32.lib odbccp32.lib /MANIFEST /ManifestFile:".\..\..\gen\debug\synergys.exe.intermediate.manifest" /MANIFESTUAC:"level='asInvoker' uiAccess='false'" /DEBUG /PDB:"C:\Users\Pimm\Documents\네이트온 받은 파일\synergy\synergy-1.3.1\synergy-1.3.1\debug\synergys.pdb" /SUBSYSTEM:WINDOWS /TLBID:1 /DYNAMICBASE /NXCOMPAT /IMPLIB:".\..\..\debug\synergys.lib" /MACHINE:X86 .\..\..\gen\debug\synergys.res
         .\..\..\gen\debug\synergys.exe.embed.manifest.res
         .\..\..\gen\debug\CMSWindowsServerTaskBarReceiver.obj
         .\..\..\gen\debug\CServerTaskBarReceiver.obj
         .\..\..\gen\debug\synergys.obj
     1>CMSWindowsServerTaskBarReceiver.obj : error LNK2019: "public: static class CArch * __cdecl CArch::getInstance(void)" (?getInstance@CArch@@SAPAV1@XZ) 외부 기호(참조 위치: "public: __thiscall CMSWindowsServerTaskBarReceiver::CMSWindowsServerTaskBarReceiver(struct HINSTANCE__ *,class CBufferedLogOutputter const *)" (??0CMSWindowsServerTaskBarReceiver@@QAE@PAUHINSTANCE__@@PBVCBufferedLogOutputter@@@Z) 함수)에서 확인하지 못했습니다.
     1>CServerTaskBarReceiver.obj : error LNK2001: "public: static class CArch * __cdecl CArch::getInstance(void)" (?getInstance@CArch@@SAPAV1@XZ) 외부 기호를 확인할 수 없습니다.
     1>synergys.obj : error LNK2001: "public: static class CArch * __cdecl CArch::getInstance(void)" (?getInstance@CArch@@SAPAV1@XZ) 외부 기호를 확인할 수 없습니다.
     1>CMSWindowsServerTaskBarReceiver.obj : error LNK2019: "public: void __thiscall CLog::setFilter(int)" (?setFilter@CLog@@QAEXH@Z) 외부 기호(참조 위치: "public: virtual void __thiscall CMSWindowsServerTaskBarReceiver::runMenu(int,int)" (?runMenu@CMSWindowsServerTaskBarReceiver@@UAEXHH@Z) 함수)에서 확인하지 못했습니다.
     1>CMSWindowsServerTaskBarReceiver.obj : error LNK2019: "public: __thiscall CEvent::CEvent(unsigned int,void *,void *,unsigned int)" (??0CEvent@@QAE@IPAX0I@Z) 외부 기호(참조 위치: "public: virtual void __thiscall CMSWindowsServerTaskBarReceiver::runMenu(int,int)" (?runMenu@CMSWindowsServerTaskBarReceiver@@UAEXHH@Z) 함수)에서 확인하지 못했습니다.
     1>CServerTaskBarReceiver.obj : error LNK2001: "public: __thiscall CEvent::CEvent(unsigned int,void *,void *,unsigned int)" (??0CEvent@@QAE@IPAX0I@Z) 외부 기호를 확인할 수 없습니다.
     1>synergys.obj : error LNK2001: "public: __thiscall CEvent::CEvent(unsigned int,void *,void *,unsigned int)" (??0CEvent@@QAE@IPAX0I@Z) 외부 기호를 확인할 수 없습니다.
     1>CMSWindowsServerTaskBarReceiver.obj : error LNK2019: "public: static void * __cdecl IEventQueue::getSystemTarget(void)" (?getSystemTarget@IEventQueue@@SAPAXXZ) 외부 기호(참조 위치: "public: virtual void __thiscall CMSWindowsServerTaskBarReceiver::runMenu(int,int)" (?runMenu@CMSWindowsServerTaskBarReceiver@@UAEXHH@Z) 함수)에서 확인하지 못했습니다.
     1>synergys.obj : error LNK2001: "public: static void * __cdecl IEventQueue::getSystemTarget(void)" (?getSystemTarget@IEventQueue@@SAPAXXZ) 외부 기호를 확인할 수 없습니다.
     1>CMSWindowsServerTaskBarReceiver.obj : error LNK2019: "public: static class IEventQueue * __cdecl IEventQueue::getInstance(void)" (?getInstance@IEventQueue@@SAPAV1@XZ) 외부 기호(참조 위치: "public: virtual void __thiscall CMSWindowsServerTaskBarReceiver::runMenu(int,int)" (?runMenu@CMSWindowsServerTaskBarReceiver@@UAEXHH@Z) 함수)에서 확인하지 못했습니다.
     1>CServerTaskBarReceiver.obj : error LNK2001: "public: static class IEventQueue * __cdecl IEventQueue::getInstance(void)" (?getInstance@IEventQueue@@SAPAV1@XZ) 외부 기호를 확인할 수 없습니다.
     1>synergys.obj : error LNK2001: "public: static class IEventQueue * __cdecl IEventQueue::getInstance(void)" (?getInstance@IEventQueue@@SAPAV1@XZ) 외부 기호를 확인할 수 없습니다.
     1>CMSWindowsServerTaskBarReceiver.obj : error LNK2019: "public: int __thiscall CLog::getFilter(void)const " (?getFilter@CLog@@QBEHXZ) 외부 기호(참조 위치: "public: virtual void __thiscall CMSWindowsServerTaskBarReceiver::runMenu(int,int)" (?runMenu@CMSWindowsServerTaskBarReceiver@@UAEXHH@Z) 함수)에서 확인하지 못했습니다.
     1>CMSWindowsServerTaskBarReceiver.obj : error LNK2019: "public: static class CLog * __cdecl CLog::getInstance(void)" (?getInstance@CLog@@SAPAV1@XZ) 외부 기호(참조 위치: "public: virtual void __thiscall CMSWindowsServerTaskBarReceiver::runMenu(int,int)" (?runMenu@CMSWindowsServerTaskBarReceiver@@UAEXHH@Z) 함수)에서 확인하지 못했습니다.
     1>synergys.obj : error LNK2001: "public: static class CLog * __cdecl CLog::getInstance(void)" (?getInstance@CLog@@SAPAV1@XZ) 외부 기호를 확인할 수 없습니다.
     1>CMSWindowsServerTaskBarReceiver.obj : error LNK2019: "public: virtual __thiscall CMSWindowsClipboard::~CMSWindowsClipboard(void)" (??1CMSWindowsClipboard@@UAE@XZ) 외부 기호(참조 위치: "protected: void __thiscall CMSWindowsServerTaskBarReceiver::copyLog(void)const " (?copyLog@CMSWindowsServerTaskBarReceiver@@IBEXXZ) 함수)에서 확인하지 못했습니다.
     1>CMSWindowsServerTaskBarReceiver.obj : error LNK2019: "public: virtual void __thiscall CMSWindowsClipboard::close(void)const " (?close@CMSWindowsClipboard@@UBEXXZ) 외부 기호(참조 위치: "protected: void __thiscall CMSWindowsServerTaskBarReceiver::copyLog(void)const " (?copyLog@CMSWindowsServerTaskBarReceiver@@IBEXXZ) 함수)에서 확인하지 못했습니다.
     1>CMSWindowsServerTaskBarReceiver.obj : error LNK2019: "public: virtual void __thiscall CMSWindowsClipboard::add(enum IClipboard::EFormat,class std::basic_string<char,struct std::char_traits<char>,class std::allocator<char> > const &)" (?add@CMSWindowsClipboard@@UAEXW4EFormat@IClipboard@@ABV?$basic_string@DU?$char_traits@D@std@@V?$allocator@D@2@@std@@@Z) 외부 기호(참조 위치: "protected: void __thiscall CMSWindowsServerTaskBarReceiver::copyLog(void)const " (?copyLog@CMSWindowsServerTaskBarReceiver@@IBEXXZ) 함수)에서 확인하지 못했습니다.
     1>CMSWindowsServerTaskBarReceiver.obj : error LNK2019: "public: bool __thiscall CMSWindowsClipboard::emptyUnowned(void)" (?emptyUnowned@CMSWindowsClipboard@@QAE_NXZ) 외부 기호(참조 위치: "protected: void __thiscall CMSWindowsServerTaskBarReceiver::copyLog(void)const " (?copyLog@CMSWindowsServerTaskBarReceiver@@IBEXXZ) 함수)에서 확인하지 못했습니다.
     1>CMSWindowsServerTaskBarReceiver.obj : error LNK2019: "public: virtual bool __thiscall CMSWindowsClipboard::open(unsigned int)const " (?open@CMSWindowsClipboard@@UBE_NI@Z) 외부 기호(참조 위치: "protected: void __thiscall CMSWindowsServerTaskBarReceiver::copyLog(void)const " (?copyLog@CMSWindowsServerTaskBarReceiver@@IBEXXZ) 함수)에서 확인하지 못했습니다.
     1>CMSWindowsServerTaskBarReceiver.obj : error LNK2019: "public: __thiscall CMSWindowsClipboard::CMSWindowsClipboard(struct HWND__ *)" (??0CMSWindowsClipboard@@QAE@PAUHWND__@@@Z) 외부 기호(참조 위치: "protected: void __thiscall CMSWindowsServerTaskBarReceiver::copyLog(void)const " (?copyLog@CMSWindowsServerTaskBarReceiver@@IBEXXZ) 함수)에서 확인하지 못했습니다.
     1>CMSWindowsServerTaskBarReceiver.obj : error LNK2019: "public: class std::_Deque_const_iterator<class std::basic_string<char,struct std::char_traits<char>,class std::allocator<char> >,class std::allocator<class std::basic_string<char,struct std::char_traits<char>,class std::allocator<char> > > > __thiscall CBufferedLogOutputter::end(void)const " (?end@CBufferedLogOutputter@@QBE?AV?$_Deque_const_iterator@V?$basic_string@DU?$char_traits@D@std@@V?$allocator@D@2@@std@@V?$allocator@V?$basic_string@DU?$char_traits@D@std@@V?$allocator@D@2@@std@@@2@@std@@XZ) 외부 기호(참조 위치: "protected: void __thiscall CMSWindowsServerTaskBarReceiver::copyLog(void)const " (?copyLog@CMSWindowsServerTaskBarReceiver@@IBEXXZ) 함수)에서 확인하지 못했습니다.
     1>CMSWindowsServerTaskBarReceiver.obj : error LNK2019: "public: class std::_Deque_const_iterator<class std::basic_string<char,struct std::char_traits<char>,class std::allocator<char> >,class std::allocator<class std::basic_string<char,struct std::char_traits<char>,class std::allocator<char> > > > __thiscall CBufferedLogOutputter::begin(void)const " (?begin@CBufferedLogOutputter@@QBE?AV?$_Deque_const_iterator@V?$basic_string@DU?$char_traits@D@std@@V?$allocator@D@2@@std@@V?$allocator@V?$basic_string@DU?$char_traits@D@std@@V?$allocator@D@2@@std@@@2@@std@@XZ) 외부 기호(참조 위치: "protected: void __thiscall CMSWindowsServerTaskBarReceiver::copyLog(void)const " (?copyLog@CMSWindowsServerTaskBarReceiver@@IBEXXZ) 함수)에서 확인하지 못했습니다.
     1>CMSWindowsServerTaskBarReceiver.obj : error LNK2019: "public: static void __cdecl CArchTaskBarWindows::addDialog(struct HWND__ *)" (?addDialog@CArchTaskBarWindows@@SAXPAUHWND__@@@Z) 외부 기호(참조 위치: "private: void __thiscall CMSWindowsServerTaskBarReceiver::createWindow(void)" (?createWindow@CMSWindowsServerTaskBarReceiver@@AAEXXZ) 함수)에서 확인하지 못했습니다.
     1>CMSWindowsServerTaskBarReceiver.obj : error LNK2019: "public: static void __cdecl CArchTaskBarWindows::removeDialog(struct HWND__ *)" (?removeDialog@CArchTaskBarWindows@@SAXPAUHWND__@@@Z) 외부 기호(참조 위치: "private: void __thiscall CMSWindowsServerTaskBarReceiver::destroyWindow(void)" (?destroyWindow@CMSWindowsServerTaskBarReceiver@@AAEXXZ) 함수)에서 확인하지 못했습니다.
     1>CServerTaskBarReceiver.obj : error LNK2019: "public: void __thiscall CServer::getClients(class std::vector<class std::basic_string<char,struct std::char_traits<char>,class std::allocator<char> >,class std::allocator<class std::basic_string<char,struct std::char_traits<char>,class std::allocator<char> > > > &)const " (?getClients@CServer@@QBEXAAV?$vector@V?$basic_string@DU?$char_traits@D@std@@V?$allocator@D@2@@std@@V?$allocator@V?$basic_string@DU?$char_traits@D@std@@V?$allocator@D@2@@std@@@2@@std@@@Z) 외부 기호(참조 위치: "public: void __thiscall CServerTaskBarReceiver::updateStatus(class CServer *,class std::basic_string<char,struct std::char_traits<char>,class std::allocator<char> > const &)" (?updateStatus@CServerTaskBarReceiver@@QAEXPAVCServer@@ABV?$basic_string@DU?$char_traits@D@std@@V?$allocator@D@2@@std@@@Z) 함수)에서 확인하지 못했습니다.
     1>CServerTaskBarReceiver.obj : error LNK2019: "public: static class std::basic_string<char,struct std::char_traits<char>,class std::allocator<char> > __cdecl CStringUtil::print(char const *,...)" (?print@CStringUtil@@SA?AV?$basic_string@DU?$char_traits@D@std@@V?$allocator@D@2@@std@@PBDZZ) 외부 기호(참조 위치: "public: virtual class std::basic_string<char,struct std::char_traits<char>,class std::allocator<char> > __thiscall CServerTaskBarReceiver::getToolTip(void)const " (?getToolTip@CServerTaskBarReceiver@@UBE?AV?$basic_string@DU?$char_traits@D@std@@V?$allocator@D@2@@std@@XZ) 함수)에서 확인하지 못했습니다.
     1>CServerTaskBarReceiver.obj : error LNK2001: "char const * const kAppVersion" (?kAppVersion@@3PBDB) 외부 기호를 확인할 수 없습니다.
     1>synergys.obj : error LNK2019: "char const * const kAppVersion" (?kAppVersion@@3PBDB) 외부 기호(참조 위치: "int __cdecl mainLoop(void)" (?mainLoop@@YAHXZ) 함수)에서 확인하지 못했습니다.
     1>synergys.obj : error LNK2019: "public: static unsigned int __cdecl CEvent::registerTypeOnce(unsigned int &,char const *)" (?registerTypeOnce@CEvent@@SAIAAIPBD@Z) 외부 기호(참조 위치: "unsigned int __cdecl getReloadConfigEvent(void)" (?getReloadConfigEvent@@YAIXZ) 함수)에서 확인하지 못했습니다.
     1>synergys.obj : error LNK2019: "public: class std::basic_string<char,struct std::char_traits<char>,class std::allocator<char> > __thiscall XArch::what(void)const " (?what@XArch@@QBE?AV?$basic_string@DU?$char_traits@D@std@@V?$allocator@D@2@@std@@XZ) 외부 기호(참조 위치: __catch$_WinMain@16$0 함수)에서 확인하지 못했습니다.
     1>synergys.obj : error LNK2019: "public: virtual __thiscall CArch::~CArch(void)" (??1CArch@@UAE@XZ) 외부 기호(참조 위치: _WinMain@16 함수)에서 확인하지 못했습니다.
     1>synergys.obj : error LNK2019: "public: static bool __cdecl CArchMiscWindows::isWindows95Family(void)" (?isWindows95Family@CArchMiscWindows@@SA_NXZ) 외부 기호(참조 위치: _WinMain@16 함수)에서 확인하지 못했습니다.
     1>synergys.obj : error LNK2019: "public: __thiscall CThread::~CThread(void)" (??1CThread@@QAE@XZ) 외부 기호(참조 위치: _WinMain@16 함수)에서 확인하지 못했습니다.
     1>synergys.obj : error LNK2019: "public: void __thiscall CThread::setPriority(int)" (?setPriority@CThread@@QAEXH@Z) 외부 기호(참조 위치: _WinMain@16 함수)에서 확인하지 못했습니다.
     1>synergys.obj : error LNK2019: "public: static class CThread __cdecl CThread::getCurrentThread(void)" (?getCurrentThread@CThread@@SA?AV1@XZ) 외부 기호(참조 위치: _WinMain@16 함수)에서 확인하지 못했습니다.
     1>synergys.obj : error LNK2019: "public: static void __cdecl CMSWindowsScreen::init(struct HINSTANCE__ *)" (?init@CMSWindowsScreen@@SAXPAUHINSTANCE__@@@Z) 외부 기호(참조 위치: _WinMain@16 함수)에서 확인하지 못했습니다.
     1>synergys.obj : error LNK2019: "public: __thiscall CArch::CArch(void *)" (??0CArch@@QAE@PAX@Z) 외부 기호(참조 위치: _WinMain@16 함수)에서 확인하지 못했습니다.
     1>synergys.obj : error LNK2019: "public: static void __cdecl CArchMiscWindows::setIcons(struct HICON__ *,struct HICON__ *)" (?setIcons@CArchMiscWindows@@SAXPAUHICON__@@0@Z) 외부 기호(참조 위치: _WinMain@16 함수)에서 확인하지 못했습니다.
     1>synergys.obj : error LNK2019: "public: static void __cdecl CEvent::deleteData(class CEvent const &)" (?deleteData@CEvent@@SAXABV1@@Z) 외부 기호(참조 위치: "int __cdecl mainLoop(void)" (?mainLoop@@YAHXZ) 함수)에서 확인하지 못했습니다.
     1>synergys.obj : error LNK2019: "public: unsigned int __thiscall CEvent::getType(void)const " (?getType@CEvent@@QBEIXZ) 외부 기호(참조 위치: "int __cdecl mainLoop(void)" (?mainLoop@@YAHXZ) 함수)에서 확인하지 못했습니다.
     1>synergys.obj : error LNK2019: "public: static void __cdecl CArchMiscWindows::daemonRunning(bool)" (?daemonRunning@CArchMiscWindows@@SAX_N@Z) 외부 기호(참조 위치: "int __cdecl mainLoop(void)" (?mainLoop@@YAHXZ) 함수)에서 확인하지 못했습니다.
     1>synergys.obj : error LNK2019: "public: __thiscall CEvent::CEvent(void)" (??0CEvent@@QAE@XZ) 외부 기호(참조 위치: "int __cdecl mainLoop(void)" (?mainLoop@@YAHXZ) 함수)에서 확인하지 못했습니다.
     1>synergys.obj : error LNK2019: "public: __thiscall CFunctionEventJob::CFunctionEventJob(void (__cdecl*)(class CEvent const &,void *),void *)" (??0CFunctionEventJob@@QAE@P6AXABVCEvent@@PAX@Z1@Z) 외부 기호(참조 위치: "int __cdecl mainLoop(void)" (?mainLoop@@YAHXZ) 함수)에서 확인하지 못했습니다.
     1>synergys.obj : error LNK2019: "public: __thiscall CSocketMultiplexer::~CSocketMultiplexer(void)" (??1CSocketMultiplexer@@QAE@XZ) 외부 기호(참조 위치: "int __cdecl mainLoop(void)" (?mainLoop@@YAHXZ) 함수)에서 확인하지 못했습니다.
     1>synergys.obj : error LNK2019: "public: virtual __thiscall CEventQueue::~CEventQueue(void)" (??1CEventQueue@@UAE@XZ) 외부 기호(참조 위치: "int __cdecl mainLoop(void)" (?mainLoop@@YAHXZ) 함수)에서 확인하지 못했습니다.
     1>synergys.obj : error LNK2019: "public: void __cdecl CLog::print(char const *,int,char const *,...)const " (?print@CLog@@QBAXPBDH0ZZ) 외부 기호(참조 위치: "int __cdecl mainLoop(void)" (?mainLoop@@YAHXZ) 함수)에서 확인하지 못했습니다.
     1>synergys.obj : error LNK2019: "public: class std::basic_string<char,struct std::char_traits<char>,class std::allocator<char> > __thiscall CConfig::getCanonicalName(class std::basic_string<char,struct std::char_traits<char>,class std::allocator<char> > const &)const " (?getCanonicalName@CConfig@@QBE?AV?$basic_string@DU?$char_traits@D@std@@V?$allocator@D@2@@std@@ABV23@@Z) 외부 기호(참조 위치: "int __cdecl mainLoop(void)" (?mainLoop@@YAHXZ) 함수)에서 확인하지 못했습니다.
     1>synergys.obj : error LNK2019: "public: __thiscall CNetworkAddress::~CNetworkAddress(void)" (??1CNetworkAddress@@QAE@XZ) 외부 기호(참조 위치: "int __cdecl mainLoop(void)" (?mainLoop@@YAHXZ) 함수)에서 확인하지 못했습니다.
     1>synergys.obj : error LNK2019: "public: __thiscall CNetworkAddress::CNetworkAddress(int)" (??0CNetworkAddress@@QAE@H@Z) 외부 기호(참조 위치: "int __cdecl mainLoop(void)" (?mainLoop@@YAHXZ) 함수)에서 확인하지 못했습니다.
     1>synergys.obj : error LNK2019: "public: class CNetworkAddress const & __thiscall CConfig::getSynergyAddress(void)const " (?getSynergyAddress@CConfig@@QBEABVCNetworkAddress@@XZ) 외부 기호(참조 위치: "int __cdecl mainLoop(void)" (?mainLoop@@YAHXZ) 함수)에서 확인하지 못했습니다.
     1>synergys.obj : error LNK2019: "public: void __thiscall CConfig::setSynergyAddress(class CNetworkAddress const &)" (?setSynergyAddress@CConfig@@QAEXABVCNetworkAddress@@@Z) 외부 기호(참조 위치: "int __cdecl mainLoop(void)" (?mainLoop@@YAHXZ) 함수)에서 확인하지 못했습니다.
     1>synergys.obj : error LNK2019: "public: bool __thiscall CNetworkAddress::isValid(void)const " (?isValid@CNetworkAddress@@QBE_NXZ) 외부 기호(참조 위치: "int __cdecl mainLoop(void)" (?mainLoop@@YAHXZ) 함수)에서 확인하지 못했습니다.
     1>synergys.obj : error LNK2019: "public: bool __thiscall CConfig::addScreen(class std::basic_string<char,struct std::char_traits<char>,class std::allocator<char> > const &)" (?addScreen@CConfig@@QAE_NABV?$basic_string@DU?$char_traits@D@std@@V?$allocator@D@2@@std@@@Z) 외부 기호(참조 위치: "int __cdecl mainLoop(void)" (?mainLoop@@YAHXZ) 함수)에서 확인하지 못했습니다.
     1>synergys.obj : error LNK2019: "public: class CConfig::const_iterator __thiscall CConfig::begin(void)const " (?begin@CConfig@@QBE?AVconst_iterator@1@XZ) 외부 기호(참조 위치: "int __cdecl mainLoop(void)" (?mainLoop@@YAHXZ) 함수)에서 확인하지 못했습니다.
     1>synergys.obj : error LNK2019: "public: class CConfig::const_iterator __thiscall CConfig::end(void)const " (?end@CConfig@@QBE?AVconst_iterator@1@XZ) 외부 기호(참조 위치: "int __cdecl mainLoop(void)" (?mainLoop@@YAHXZ) 함수)에서 확인하지 못했습니다.
     1>synergys.obj : error LNK2019: "public: __thiscall CEventQueue::CEventQueue(void)" (??0CEventQueue@@QAE@XZ) 외부 기호(참조 위치: "int __cdecl mainLoop(void)" (?mainLoop@@YAHXZ) 함수)에서 확인하지 못했습니다.
     1>synergys.obj : error LNK2019: "public: __thiscall CSocketMultiplexer::CSocketMultiplexer(void)" (??0CSocketMultiplexer@@QAE@XZ) 외부 기호(참조 위치: "int __cdecl mainLoop(void)" (?mainLoop@@YAHXZ) 함수)에서 확인하지 못했습니다.
     1>synergys.obj : error LNK2019: "public: static unsigned int __cdecl CClientListener::getConnectedEvent(void)" (?getConnectedEvent@CClientListener@@SAIXZ) 외부 기호(참조 위치: "class CClientListener * __cdecl openClientListener(class CNetworkAddress const &)" (?openClientListener@@YAPAVCClientListener@@ABVCNetworkAddress@@@Z) 함수)에서 확인하지 못했습니다.
     1>synergys.obj : error LNK2019: "public: __thiscall CClientListener::CClientListener(class CNetworkAddress const &,class ISocketFactory *,class IStreamFilterFactory *)" (??0CClientListener@@QAE@ABVCNetworkAddress@@PAVISocketFactory@@PAVIStreamFilterFactory@@@Z) 외부 기호(참조 위치: "class CClientListener * __cdecl openClientListener(class CNetworkAddress const &)" (?openClientListener@@YAPAVCClientListener@@ABVCNetworkAddress@@@Z) 함수)에서 확인하지 못했습니다.
     1>synergys.obj : error LNK2019: "public: __thiscall CTCPSocketFactory::CTCPSocketFactory(void)" (??0CTCPSocketFactory@@QAE@XZ) 외부 기호(참조 위치: "class CClientListener * __cdecl openClientListener(class CNetworkAddress const &)" (?openClientListener@@YAPAVCClientListener@@ABVCNetworkAddress@@@Z) 함수)에서 확인하지 못했습니다.
     1>synergys.obj : error LNK2019: "public: void __thiscall CServer::adoptClient(class CBaseClientProxy *)" (?adoptClient@CServer@@QAEXPAVCBaseClientProxy@@@Z) 외부 기호(참조 위치: "void __cdecl handleClientConnected(class CEvent const &,void *)" (?handleClientConnected@@YAXABVCEvent@@PAX@Z) 함수)에서 확인하지 못했습니다.
     1>synergys.obj : error LNK2019: "public: class CClientProxy * __thiscall CClientListener::getNextClient(void)" (?getNextClient@CClientListener@@QAEPAVCClientProxy@@XZ) 외부 기호(참조 위치: "void __cdecl handleClientConnected(class CEvent const &,void *)" (?handleClientConnected@@YAXABVCEvent@@PAX@Z) 함수)에서 확인하지 못했습니다.
     1>synergys.obj : error LNK2019: "public: __thiscall CClientListener::~CClientListener(void)" (??1CClientListener@@QAE@XZ) 외부 기호(참조 위치: "public: void * __thiscall CClientListener::`scalar deleting destructor'(unsigned int)" (??_GCClientListener@@QAEPAXI@Z) 함수)에서 확인하지 못했습니다.
     1>synergys.obj : error LNK2019: "public: static unsigned int __cdecl CServer::getDisconnectedEvent(void)" (?getDisconnectedEvent@CServer@@SAIXZ) 외부 기호(참조 위치: "class CServer * __cdecl openServer(class CConfig const &,class CPrimaryClient *)" (?openServer@@YAPAVCServer@@ABVCConfig@@PAVCPrimaryClient@@@Z) 함수)에서 확인하지 못했습니다.
     1>synergys.obj : error LNK2019: "public: __thiscall CServer::CServer(class CConfig const &,class CPrimaryClient *)" (??0CServer@@QAE@ABVCConfig@@PAVCPrimaryClient@@@Z) 외부 기호(참조 위치: "class CServer * __cdecl openServer(class CConfig const &,class CPrimaryClient *)" (?openServer@@YAPAVCServer@@ABVCConfig@@PAVCPrimaryClient@@@Z) 함수)에서 확인하지 못했습니다.
     1>synergys.obj : error LNK2019: "public: double __thiscall XScreenUnavailable::getRetryTime(void)const " (?getRetryTime@XScreenUnavailable@@QBENXZ) 외부 기호(참조 위치: __catch$?initServer@@YA_NXZ$0 함수)에서 확인하지 못했습니다.
     1>synergys.obj : error LNK2019: "public: static unsigned int __cdecl IScreen::getResumeEvent(void)" (?getResumeEvent@IScreen@@SAIXZ) 외부 기호(참조 위치: "class CScreen * __cdecl openServerScreen(void)" (?openServerScreen@@YAPAVCScreen@@XZ) 함수)에서 확인하지 못했습니다.
     1>synergys.obj : error LNK2019: "public: static unsigned int __cdecl IScreen::getSuspendEvent(void)" (?getSuspendEvent@IScreen@@SAIXZ) 외부 기호(참조 위치: "class CScreen * __cdecl openServerScreen(void)" (?openServerScreen@@YAPAVCScreen@@XZ) 함수)에서 확인하지 못했습니다.
     1>synergys.obj : error LNK2019: "public: static unsigned int __cdecl IScreen::getErrorEvent(void)" (?getErrorEvent@IScreen@@SAIXZ) 외부 기호(참조 위치: "class CScreen * __cdecl openServerScreen(void)" (?openServerScreen@@YAPAVCScreen@@XZ) 함수)에서 확인하지 못했습니다.
     1>synergys.obj : error LNK2019: "public: __thiscall CScreen::CScreen(class IPlatformScreen *)" (??0CScreen@@QAE@PAVIPlatformScreen@@@Z) 외부 기호(참조 위치: "class CScreen * __cdecl createScreen(void)" (?createScreen@@YAPAVCScreen@@XZ) 함수)에서 확인하지 못했습니다.
     1>synergys.obj : error LNK2019: "public: __thiscall CMSWindowsScreen::CMSWindowsScreen(bool)" (??0CMSWindowsScreen@@QAE@_N@Z) 외부 기호(참조 위치: "class CScreen * __cdecl createScreen(void)" (?createScreen@@YAPAVCScreen@@XZ) 함수)에서 확인하지 못했습니다.
     1>synergys.obj : error LNK2019: "public: __thiscall CPrimaryClient::CPrimaryClient(class std::basic_string<char,struct std::char_traits<char>,class std::allocator<char> > const &,class CScreen *)" (??0CPrimaryClient@@QAE@ABV?$basic_string@DU?$char_traits@D@std@@V?$allocator@D@2@@std@@PAVCScreen@@@Z) 외부 기호(참조 위치: "class CPrimaryClient * __cdecl openPrimaryClient(class std::basic_string<char,struct std::char_traits<char>,class std::allocator<char> > const &,class CScreen *)" (?openPrimaryClient@@YAPAVCPrimaryClient@@ABV?$basic_string@DU?$char_traits@D@std@@V?$allocator@D@2@@std@@PAVCScreen@@@Z) 함수)에서 확인하지 못했습니다.
     1>synergys.obj : error LNK2019: "public: void __thiscall CServer::disconnect(void)" (?disconnect@CServer@@QAEXXZ) 외부 기호(참조 위치: "void __cdecl closeServer(class CServer *)" (?closeServer@@YAXPAVCServer@@@Z) 함수)에서 확인하지 못했습니다.
     1>synergys.obj : error LNK2019: "public: __thiscall CServer::~CServer(void)" (??1CServer@@QAE@XZ) 외부 기호(참조 위치: "public: void * __thiscall CServer::`scalar deleting destructor'(unsigned int)" (??_GCServer@@QAEPAXI@Z) 함수)에서 확인하지 못했습니다.
     1>synergys.obj : error LNK2019: "public: bool __thiscall CServer::setConfig(class CConfig const &)" (?setConfig@CServer@@QAE_NABVCConfig@@@Z) 외부 기호(참조 위치: "void __cdecl reloadConfig(class CEvent const &,void *)" (?reloadConfig@@YAXABVCEvent@@PAX@Z) 함수)에서 확인하지 못했습니다.
     1>synergys.obj : error LNK2019: "public: __thiscall CSystemLogger::~CSystemLogger(void)" (??1CSystemLogger@@QAE@XZ) 외부 기호(참조 위치: "int __cdecl daemonMainLoop(int,char const * *)" (?daemonMainLoop@@YAHHPAPBD@Z) 함수)에서 확인하지 못했습니다.
     1>synergys.obj : error LNK2019: "public: __thiscall CSystemLogger::CSystemLogger(char const *,bool)" (??0CSystemLogger@@QAE@PBD_N@Z) 외부 기호(참조 위치: "int __cdecl daemonMainLoop(int,char const * *)" (?daemonMainLoop@@YAHHPAPBD@Z) 함수)에서 확인하지 못했습니다.
     1>synergys.obj : error LNK2019: "public: virtual __thiscall CBufferedLogOutputter::~CBufferedLogOutputter(void)" (??1CBufferedLogOutputter@@UAE@XZ) 외부 기호(참조 위치: "int __cdecl run(int,char * *,class ILogOutputter *,int (__cdecl*)(int,char * *))" (?run@@YAHHPAPADPAVILogOutputter@@P6AHH0@Z@Z) 함수)에서 확인하지 못했습니다.
     1>synergys.obj : error LNK2019: "public: void __thiscall CLog::remove(class ILogOutputter *)" (?remove@CLog@@QAEXPAVILogOutputter@@@Z) 외부 기호(참조 위치: "int __cdecl run(int,char * *,class ILogOutputter *,int (__cdecl*)(int,char * *))" (?run@@YAHHPAPADPAVILogOutputter@@P6AHH0@Z@Z) 함수)에서 확인하지 못했습니다.
     1>synergys.obj : error LNK2019: "public: __thiscall CBufferedLogOutputter::CBufferedLogOutputter(unsigned int)" (??0CBufferedLogOutputter@@QAE@I@Z) 외부 기호(참조 위치: "int __cdecl run(int,char * *,class ILogOutputter *,int (__cdecl*)(int,char * *))" (?run@@YAHHPAPADPAVILogOutputter@@P6AHH0@Z@Z) 함수)에서 확인하지 못했습니다.
     1>synergys.obj : error LNK2019: "public: void __thiscall CLog::insert(class ILogOutputter *,bool)" (?insert@CLog@@QAEXPAVILogOutputter@@_N@Z) 외부 기호(참조 위치: "int __cdecl run(int,char * *,class ILogOutputter *,int (__cdecl*)(int,char * *))" (?run@@YAHHPAPADPAVILogOutputter@@P6AHH0@Z@Z) 함수)에서 확인하지 못했습니다.
     1>synergys.obj : error LNK2019: "public: __thiscall CConfig::CConfig(void)" (??0CConfig@@QAE@XZ) 외부 기호(참조 위치: "int __cdecl run(int,char * *,class ILogOutputter *,int (__cdecl*)(int,char * *))" (?run@@YAHHPAPADPAVILogOutputter@@P6AHH0@Z@Z) 함수)에서 확인하지 못했습니다.
     1>synergys.obj : error LNK2019: "public: __thiscall CNetworkAddress::CNetworkAddress(void)" (??0CNetworkAddress@@QAE@XZ) 외부 기호(참조 위치: "int __cdecl run(int,char * *,class ILogOutputter *,int (__cdecl*)(int,char * *))" (?run@@YAHHPAPADPAVILogOutputter@@P6AHH0@Z@Z) 함수)에서 확인하지 못했습니다.
     1>synergys.obj : error LNK2019: "public: static struct HINSTANCE__ * __cdecl CMSWindowsScreen::getInstance(void)" (?getInstance@CMSWindowsScreen@@SAPAUHINSTANCE__@@XZ) 외부 기호(참조 위치: "class CServerTaskBarReceiver * __cdecl createTaskBarReceiver(class CBufferedLogOutputter const *)" (?createTaskBarReceiver@@YAPAVCServerTaskBarReceiver@@PBVCBufferedLogOutputter@@@Z) 함수)에서 확인하지 못했습니다.
     1>synergys.obj : error LNK2001: "char const * const kVersion" (?kVersion@@3PBDB) 외부 기호를 확인할 수 없습니다.
     1>synergys.obj : error LNK2019: "public: bool __thiscall CLog::setFilter(char const *)" (?setFilter@CLog@@QAE_NPBD@Z) 외부 기호(참조 위치: __catch$?parse@@YAXHPBQBD@Z$0 함수)에서 확인하지 못했습니다.
     1>synergys.obj : error LNK2019: "public: void __thiscall CNetworkAddress::resolve(void)" (?resolve@CNetworkAddress@@QAEXXZ) 외부 기호(참조 위치: "void __cdecl parse(int,char const * const *)" (?parse@@YAXHPBQBD@Z) 함수)에서 확인하지 못했습니다.
     1>synergys.obj : error LNK2019: "public: class CNetworkAddress & __thiscall CNetworkAddress::operator=(class CNetworkAddress const &)" (??4CNetworkAddress@@QAEAAV0@ABV0@@Z) 외부 기호(참조 위치: "void __cdecl parse(int,char const * const *)" (?parse@@YAXHPBQBD@Z) 함수)에서 확인하지 못했습니다.
     1>synergys.obj : error LNK2019: "public: __thiscall CNetworkAddress::CNetworkAddress(class std::basic_string<char,struct std::char_traits<char>,class std::allocator<char> > const &,int)" (??0CNetworkAddress@@QAE@ABV?$basic_string@DU?$char_traits@D@std@@V?$allocator@D@2@@std@@H@Z) 외부 기호(참조 위치: "void __cdecl parse(int,char const * const *)" (?parse@@YAXHPBQBD@Z) 함수)에서 확인하지 못했습니다.
     1>synergys.obj : error LNK2001: "char const * const kCopyright" (?kCopyright@@3PBDB) 외부 기호를 확인할 수 없습니다.
     1>synergys.obj : error LNK2019: "class std::basic_istream<char,struct std::char_traits<char> > & __cdecl operator>>(class std::basic_istream<char,struct std::char_traits<char> > &,class CConfig &)" (??5@YAAAV?$basic_istream@DU?$char_traits@D@std@@@std@@AAV01@AAVCConfig@@@Z) 외부 기호(참조 위치: "bool __cdecl loadConfig(class std::basic_string<char,struct std::char_traits<char>,class std::allocator<char> > const &)" (?loadConfig@@YA_NABV?$basic_string@DU?$char_traits@D@std@@V?$allocator@D@2@@std@@@Z) 함수)에서 확인하지 못했습니다.
     1>synergys.obj : error LNK2019: "public: static void __cdecl CArchMiscWindows::daemonFailed(int)" (?daemonFailed@CArchMiscWindows@@SAXH@Z) 외부 기호(참조 위치: "void __cdecl byeThrow(int)" (?byeThrow@@YAXH@Z) 함수)에서 확인하지 못했습니다.
     1>synergys.obj : error LNK2019: "public: static int __cdecl CArchMiscWindows::runDaemon(int (__cdecl*)(void))" (?runDaemon@CArchMiscWindows@@SAHP6AHXZ@Z) 외부 기호(참조 위치: "int __cdecl daemonNTMainLoop(int,char const * *)" (?daemonNTMainLoop@@YAHHPAPBD@Z) 함수)에서 확인하지 못했습니다.
     1>synergys.obj : error LNK2019: "public: static class std::basic_string<char,struct std::char_traits<char>,class std::allocator<char> > __cdecl CStringUtil::format(char const *,...)" (?format@CStringUtil@@SA?AV?$basic_string@DU?$char_traits@D@std@@V?$allocator@D@2@@std@@PBDZZ) 외부 기호(참조 위치: "void __cdecl showError(struct HINSTANCE__ *,char const *,unsigned int,char const *)" (?showError@@YAXPAUHINSTANCE__@@PBDI1@Z) 함수)에서 확인하지 못했습니다.
     1>synergys.obj : error LNK2019: "public: static class std::basic_string<char,struct std::char_traits<char>,class std::allocator<char> > __cdecl CMSWindowsUtil::getString(struct HINSTANCE__ *,unsigned long)" (?getString@CMSWindowsUtil@@SA?AV?$basic_string@DU?$char_traits@D@std@@V?$allocator@D@2@@std@@PAUHINSTANCE__@@K@Z) 외부 기호(참조 위치: "void __cdecl showError(struct HINSTANCE__ *,char const *,unsignedint,char const *)" (?showError@@YAXPAUHINSTANCE__@@PBDI1@Z) 함수)에서 확인하지 못했습니다.
     1>synergys.obj : error LNK2019: "public: __thiscall CLog::~CLog(void)" (??1CLog@@QAE@XZ) 외부 기호(참조 위치: "public: void * __thiscall CLog::`scalar deleting destructor'(unsigned int)" (??_GCLog@@QAEPAXI@Z) 함수)에서 확인하지 못했습니다.
     1>.\..\..\debug\synergys.exe : fatal error LNK1120: 88개의 확인할 수 없는 외부 참조입니다.
     1>"C:\Users\Pimm\Documents\네이트온 받은 파일\synergy\synergy-1.3.1\synergy-1.3.1\cmd\synergys\synergys.vcxproj" 프로젝트를 빌드했습니다(build 대상). - 실패

빌드하지 못했습니다.

경과 시간: 00:00:07.77
