빌드 시작: 2011-11-17 오후 8:32:18
     1>2 노드의 "C:\Users\Pimm\Documents\네이트온 받은 파일\synergy\synergy-1.3.1\synergy-1.3.1\lib\platform\synrgyhk.vcxproj" 프로젝트(build 대상)입니다.
     1>InitializeBuildStatus:
         "AlwaysCreate"이(가) 지정되었기 때문에 ".\..\..\gen\debug\synrgyhk.unsuccessfulbuild"을(를) 만들고 있습니다.
       ClCompile:
         C:\Program Files\Microsoft Visual Studio 10.0\VC\bin\CL.exe /c /I..\common /I..\arch /I..\base /I..\net /I..\synergy /ZI /nologo /W4 /WX- /Od /Oy- /D _WIN32_WINNT=0x0400 /D WIN32 /D _DEBUG /D _WINDOWS /D _USRDLL /D SYNRGYHK_EXPORTS /D _VC80_UPGRADE=0x0600 /D _WINDLL /D _MBCS /Gm /EHsc /RTC1 /MTd /GS /Gy- /fp:precise /Zc:wchar_t /Zc:forScope /GR /Fo".\..\..\gen\debug\\" /Fd"..\..\gen\debug\synrgyhk.pdb" /Gd /TP /analyze- /errorReport:prompt CSynergyHook.cpp
         CSynergyHook.cpp
       ManifestResourceCompile:
         C:\Program Files\Microsoft SDKs\Windows\v7.0A\bin\rc.exe /nologo /fo".\..\..\gen\debug\synrgyhk.dll.embed.manifest.res" .\..\..\gen\debug\synrgyhk_manifest.rc 
       Link:
         C:\Program Files\Microsoft Visual Studio 10.0\VC\bin\link.exe /ERRORREPORT:PROMPT /OUT:".\..\..\debug\synrgyhk.dll" /INCREMENTAL /NOLOGO odbc32.lib odbccp32.lib kernel32.lib user32.lib gdi32.lib winspool.lib comdlg32.lib advapi32.lib shell32.lib ole32.lib oleaut32.lib uuid.lib odbc32.lib odbccp32.lib /MANIFEST /ManifestFile:".\..\..\gen\debug\synrgyhk.dll.intermediate.manifest" /MANIFESTUAC:"level='asInvoker' uiAccess='false'" /DEBUG /PDB:"C:\Users\Pimm\Documents\네이트온 받은 파일\synergy\synergy-1.3.1\synergy-1.3.1\debug\synrgyhk.pdb" /SUBSYSTEM:CONSOLE /TLBID:1 /DYNAMICBASE /NXCOMPAT /IMPLIB:".\..\..\debug\synrgyhk.lib" /MACHINE:X86 /DLL .\..\..\gen\debug\synrgyhk.dll.embed.manifest.res
         .\..\..\gen\debug\CSynergyHook.obj
            .\..\..\debug\synrgyhk.lib 라이브러리 및 .\..\..\debug\synrgyhk.exp 개체를 생성하고 있습니다.
       Manifest:
         C:\Program Files\Microsoft SDKs\Windows\v7.0A\bin\mt.exe /nologo /verbose /out:".\..\..\gen\debug\synrgyhk.dll.embed.manifest" /manifest .\..\..\gen\debug\synrgyhk.dll.intermediate.manifest
         C:\Program Files\Microsoft SDKs\Windows\v7.0A\bin\rc.exe /nologo /fo".\..\..\gen\debug\synrgyhk.dll.embed.manifest.res" .\..\..\gen\debug\synrgyhk_manifest.rc 
       LinkEmbedManifest:
         C:\Program Files\Microsoft Visual Studio 10.0\VC\bin\link.exe /ERRORREPORT:PROMPT /OUT:".\..\..\debug\synrgyhk.dll" /INCREMENTAL /NOLOGO odbc32.lib odbccp32.lib kernel32.lib user32.lib gdi32.lib winspool.lib comdlg32.lib advapi32.lib shell32.lib ole32.lib oleaut32.lib uuid.lib odbc32.lib odbccp32.lib /MANIFEST /ManifestFile:".\..\..\gen\debug\synrgyhk.dll.intermediate.manifest" /MANIFESTUAC:"level='asInvoker' uiAccess='false'" /DEBUG /PDB:"C:\Users\Pimm\Documents\네이트온 받은 파일\synergy\synergy-1.3.1\synergy-1.3.1\debug\synrgyhk.pdb" /SUBSYSTEM:CONSOLE /TLBID:1 /DYNAMICBASE /NXCOMPAT /IMPLIB:".\..\..\debug\synrgyhk.lib" /MACHINE:X86 /DLL .\..\..\gen\debug\synrgyhk.dll.embed.manifest.res
         .\..\..\gen\debug\CSynergyHook.obj
            .\..\..\debug\synrgyhk.lib 라이브러리 및 .\..\..\debug\synrgyhk.exp 개체를 생성하고 있습니다.
         synrgyhk.vcxproj -> C:\Users\Pimm\Documents\네이트온 받은 파일\synergy\synergy-1.3.1\synergy-1.3.1\lib\platform\.\..\..\debug\synrgyhk.dll
       CopyFilesToOutputDirectory:
         ".\..\..\gen\debug\synrgyhk.pdb"에서 ".\..\..\debug\synrgyhk.pdb"(으)로 파일을 복사하고 있습니다.
       FinalizeBuildStatus:
         ".\..\..\gen\debug\synrgyhk.unsuccessfulbuild" 파일을 삭제하고 있습니다.
         ".\..\..\gen\debug\synrgyhk.lastbuildstate"에 연결(touching)하고 있습니다.
     1>"C:\Users\Pimm\Documents\네이트온 받은 파일\synergy\synergy-1.3.1\synergy-1.3.1\lib\platform\synrgyhk.vcxproj" 프로젝트를 빌드했습니다(build 대상).

빌드했습니다.

경과 시간: 00:00:09.20
